---------------------------------------------------
  Seconds     D4       G7    
---------------------------------------------------
        0    	80.4	79.6
       60    	83.7	79.6
      120    	80.4	79.6
      180    	83.7	79.6
      240    	83.7	79.6
      300    	83.7	82.9
      360    	83.7	82.9
      420    	83.7	79.6
      480    	83.7	79.6
      540    	83.7	79.6
      600    	83.7	79.6
      660    	83.7	82.9
      720    	83.7	79.6
      780    	83.7	79.6
      840    	83.7	82.9
      900    	83.7	79.6
      960    	83.7	79.6
     1020    	83.7	82.9
     1080    	83.7	79.6
     1140    	83.7	79.6
     1200    	83.7	79.6
     1260    	83.7	79.6
     1320    	80.4	79.6
     1380    	83.7	82.9
     1440    	83.7	79.6
     1500    	83.7	79.6
     1560    	83.7	79.6
     1620    	83.7	79.6
     1680    	80.4	79.6
     1740    	80.4	79.6
     1800    	83.7	79.6
     1860    	83.7	82.9
     1920    	83.7	79.6
     1980    	83.7	79.6
     2040    	83.7	79.6
     2100    	83.7	79.6
     2160    	83.7	79.6
     2220    	83.7	82.9
     2280    	83.7	79.6
     2340    	80.4	79.6
     2400    	80.4	79.6
     2460    	83.7	79.6
     2520    	83.7	79.6
     2580    	80.4	79.6
     2640    	83.7	79.6
     2700    	83.7	79.6
     2760    	83.7	79.6
     2820    	83.7	79.6
     2880    	83.7	76.4
     2940    	80.4	79.6
     3000    	83.7	79.6
     3060    	83.7	79.6
     3120    	80.4	79.6
     3180    	83.7	79.6
     3240    	83.7	79.6
     3300    	80.4	79.6
     3360    	83.7	79.6
     3420    	83.7	79.6
     3480    	83.7	79.6
     3540    	83.7	82.9
     3600    	83.7	79.6
     3660    	83.7	79.6
     3720    	83.7	82.9
     3780    	83.7	79.6
     3840    	80.4	79.6
     3900    	83.7	79.6
     3960    	83.7	79.6
     4020    	83.7	79.6
     4080    	83.7	82.9
     4140    	83.7	82.9
     4200    	83.7	79.6
     4260    	83.7	79.6
     4320    	83.7	79.6
     4380    	83.7	82.9
     4440    	83.7	79.6
     4500    	83.7	79.6
     4560    	83.7	79.6
     4620    	83.7	79.6
     4680    	83.7	79.6
     4740    	80.4	79.6
     4800    	83.7	79.6
     4860    	83.7	79.6
     4920    	83.7	79.6
     4980    	87.0	79.6
     5040    	83.7	82.9
     5100    	83.7	82.9
     5160    	83.7	82.9
     5220    	83.7	79.6
     5280    	83.7	79.6
     5340    	83.7	79.6
     5400    	83.7	79.6
     5460    	83.7	82.9
     5520    	87.0	82.9
     5580    	83.7	82.9
     5640    	83.7	79.6
     5700    	83.7	79.6
     5760    	80.4	79.6
     5820    	83.7	79.6
     5880    	83.7	82.9
     5940    	83.7	82.9
     6000    	80.4	82.9
     6060    	83.7	79.6
     6120    	83.7	79.6
     6180    	83.7	82.9
     6240    	83.7	82.9
     6300    	83.7	79.6
     6360    	83.7	79.6
     6420    	83.7	79.6
     6480    	83.7	79.6
     6540    	83.7	79.6
     6600    	83.7	79.6
     6660    	83.7	82.9
     6720    	80.4	79.6
     6780    	83.7	79.6
     6840    	83.7	82.9
     6900    	80.4	79.6
     6960    	83.7	82.9
     7020    	83.7	79.6
     7080    	83.7	82.9
     7140    	83.7	79.6
     7200    	80.4	82.9
     7260    	80.4	79.6
     7320    	80.4	82.9
     7380    	80.4	79.6
     7440    	83.7	82.9
     7500    	83.7	79.6
     7560    	83.7	79.6
     7620    	83.7	79.6
     7680    	83.7	79.6
     7740    	83.7	79.6
     7800    	83.7	79.6
     7860    	80.4	79.6
     7920    	80.4	79.6
     7980    	83.7	79.6
     8040    	83.7	79.6
     8100    	83.7	79.6
     8160    	83.7	82.9
     8220    	80.4	79.6
     8280    	83.7	79.6
     8340    	83.7	79.6
     8400    	83.7	79.6
     8460    	83.7	79.6
     8520    	83.7	79.6
     8580    	83.7	79.6
     8640    	80.4	79.6
     8700    	83.7	79.6
     8760    	83.7	79.6
     8820    	80.4	79.6
     8880    	83.7	79.6
     8940    	80.4	79.6
     9000    	83.7	79.6
     9060    	83.7	79.6
     9120    	83.7	82.9
     9180    	83.7	79.6
     9240    	83.7	79.6
     9300    	83.7	79.6
     9360    	83.7	79.6
     9420    	83.7	79.6
     9480    	83.7	82.9
     9540    	83.7	82.9
     9600    	83.7	79.6
     9660    	83.7	79.6
     9720    	83.7	79.6
     9780    	83.7	79.6
     9840    	83.7	79.6
     9900    	83.7	79.6
     9960    	83.7	79.6
    10020    	83.7	82.9
    10080    	83.7	79.6
    10140    	83.7	79.6
    10200    	83.7	79.6
    10260    	83.7	82.9
    10320    	83.7	79.6
    10380    	83.7	79.6
    10440    	83.7	79.6
    10500    	80.4	79.6
    10560    	87.0	82.9
    10620    	83.7	79.6
    10680    	83.7	79.6
    10740    	83.7	82.9
    10800    	80.4	79.6
    10860    	83.7	82.9
    10920    	83.7	79.6
    10980    	87.0	79.6
    11040    	83.7	79.6
    11100    	83.7	82.9
    11160    	83.7	82.9
    11220    	83.7	82.9
    11280    	83.7	79.6
    11340    	83.7	79.6
    11400    	83.7	82.9
    11460    	83.7	82.9
    11520    	83.7	79.6
    11580    	83.7	79.6
    11640    	83.7	82.9
    11700    	83.7	79.6
    11760    	83.7	82.9
    11820    	83.7	79.6
    11880    	83.7	79.6
    11940    	83.7	82.9
    12000    	83.7	79.6
    12060    	80.4	82.9
    12120    	83.7	79.6
    12180    	83.7	79.6
    12240    	83.7	79.6
    12300    	83.7	79.6
    12360    	87.0	82.9
    12420    	83.7	79.6
    12480    	83.7	79.6
    12540    	83.7	79.6
    12600    	83.7	79.6
    12660    	83.7	79.6
    12720    	83.7	79.6
    12780    	80.4	82.9
    12840    	83.7	82.9
    12900    	83.7	79.6
    12960    	83.7	82.9
    13020    	83.7	82.9
    13080    	83.7	79.6
    13140    	83.7	79.6
    13200    	83.7	82.9
    13260    	83.7	82.9
    13320    	83.7	82.9
    13380    	83.7	79.6
    13440    	83.7	82.9
    13500    	83.7	79.6
    13560    	83.7	79.6
    13620    	80.4	79.6
    13680    	83.7	79.6
    13740    	83.7	79.6
    13800    	83.7	79.6
    13860    	83.7	82.9
    13920    	83.7	79.6
    13980    	83.7	82.9
    14040    	83.7	79.6
    14100    	87.0	82.9
    14160    	83.7	79.6
    14220    	83.7	79.6
    14280    	87.0	82.9
    14340    	83.7	82.9
    14400    	83.7	82.9
    14460    	83.7	79.6
    14520    	80.4	79.6
    14580    	83.7	79.6
    14640    	87.0	82.9
    14700    	83.7	82.9
    14760    	83.7	79.6
    14820    	83.7	82.9
    14880    	83.7	82.9
    14940    	83.7	82.9
    15000    	80.4	79.6
    15060    	83.7	79.6
    15120    	83.7	79.6
    15180    	83.7	82.9
    15240    	83.7	79.6
    15300    	83.7	79.6
    15360    	83.7	79.6
    15420    	83.7	82.9
    15480    	83.7	82.9
    15540    	83.7	79.6
    15600    	83.7	79.6
    15660    	83.7	79.6
    15720    	87.0	79.6
    15780    	83.7	82.9
    15840    	83.7	79.6
    15900    	83.7	79.6
    15960    	83.7	79.6
    16020    	87.0	79.6
    16080    	83.7	79.6
    16140    	83.7	79.6
    16200    	83.7	79.6
    16260    	83.7	82.9
    16320    	83.7	79.6
    16380    	83.7	79.6
    16440    	83.7	79.6
    16500    	83.7	82.9
    16560    	83.7	82.9
    16620    	87.0	79.6
    16680    	83.7	79.6
    16740    	83.7	79.6
    16800    	83.7	79.6
    16860    	83.7	79.6
    16920    	83.7	82.9
    16980    	87.0	79.6
    17040    	83.7	79.6
    17100    	83.7	79.6
    17160    	83.7	79.6
    17220    	83.7	79.6
    17280    	83.7	82.9
    17340    	83.7	79.6
    17400    	83.7	79.6
    17460    	83.7	82.9
    17520    	83.7	82.9
    17580    	87.0	79.6
    17640    	83.7	82.9
    17700    	83.7	79.6
    17760    	83.7	82.9
    17820    	83.7	82.9
    17880    	83.7	79.6
    17940    	83.7	79.6
    18000    	83.7	79.6
    18060    	83.7	79.6
    18120    	83.7	79.6
    18180    	80.4	79.6
    18240    	83.7	79.6
    18300    	83.7	79.6
    18360    	83.7	79.6
    18420    	83.7	82.9
    18480    	83.7	82.9
    18540    	83.7	79.6
    18600    	83.7	79.6
    18660    	87.0	79.6
    18720    	83.7	79.6
    18780    	83.7	82.9
    18840    	83.7	79.6
    18900    	83.7	79.6
    18960    	80.4	79.6
    19020    	83.7	79.6
    19080    	83.7	82.9
    19140    	83.7	82.9
    19200    	83.7	79.6
    19260    	83.7	79.6
    19320    	83.7	79.6
    19380    	83.7	82.9
    19440    	80.4	82.9
    19500    	83.7	79.6
    19560    	83.7	82.9
    19620    	83.7	82.9
    19680    	83.7	79.6
    19740    	83.7	82.9
    19800    	83.7	82.9
    19860    	83.7	79.6
    19920    	83.7	82.9
    19980    	83.7	79.6
    20040    	83.7	79.6
    20100    	83.7	79.6
    20160    	83.7	79.6
    20220    	83.7	79.6
    20280    	83.7	82.9
    20340    	83.7	79.6
    20400    	83.7	79.6
    20460    	80.4	82.9
    20520    	83.7	79.6
    20580    	83.7	82.9
    20640    	83.7	82.9
    20700    	83.7	79.6
    20760    	83.7	79.6
    20820    	83.7	82.9
    20880    	83.7	82.9
    20940    	83.7	79.6
    21000    	83.7	79.6
    21060    	83.7	79.6
    21120    	83.7	82.9
    21180    	83.7	79.6
    21240    	83.7	82.9
    21300    	80.4	79.6
    21360    	83.7	79.6
    21420    	83.7	76.4
    21480    	83.7	82.9
    21540    	83.7	79.6
    21600    	87.0	79.6
    21660    	80.4	79.6
    21720    	83.7	79.6
    21780    	80.4	79.6
    21840    	87.0	82.9
    21900    	83.7	82.9
    21960    	83.7	76.4
    22020    	83.7	79.6
    22080    	83.7	82.9
    22140    	83.7	82.9
    22200    	83.7	82.9
    22260    	83.7	79.6
    22320    	83.7	79.6
    22380    	80.4	82.9
    22440    	87.0	82.9
    22500    	87.0	79.6
    22560    	83.7	82.9
    22620    	83.7	82.9
    22680    	83.7	79.6
    22740    	83.7	82.9
    22800    	83.7	79.6
    22860    	83.7	79.6
    22920    	83.7	79.6
    22980    	83.7	79.6
    23040    	83.7	79.6
    23100    	83.7	79.6
    23160    	83.7	82.9
    23220    	83.7	79.6
    23280    	83.7	79.6
    23340    	83.7	79.6
    23400    	83.7	79.6
    23460    	83.7	79.6
    23520    	83.7	79.6
    23580    	83.7	79.6
    23640    	80.4	79.6
    23700    	83.7	79.6
    23760    	83.7	79.6
    23820    	83.7	82.9
    23880    	83.7	79.6
    23940    	80.4	79.6
    24000    	83.7	79.6
    24060    	83.7	79.6
    24120    	83.7	79.6
    24180    	80.4	79.6
    24240    	83.7	79.6
    24300    	83.7	79.6
    24360    	83.7	79.6
    24420    	83.7	79.6
    24480    	83.7	79.6
    24540    	83.7	79.6
    24600    	83.7	82.9
    24660    	83.7	79.6
    24720    	83.7	79.6
    24780    	83.7	79.6
    24840    	83.7	79.6
    24900    	83.7	79.6
    24960    	83.7	79.6
    25020    	83.7	82.9
    25080    	83.7	79.6
    25140    	83.7	82.9
    25200    	83.7	79.6
    25260    	83.7	82.9
    25320    	83.7	79.6
    25380    	83.7	82.9
    25440    	83.7	79.6
    25500    	83.7	82.9
    25560    	83.7	79.6
    25620    	83.7	82.9
    25680    	83.7	82.9
    25740    	83.7	82.9
    25800    	83.7	79.6
    25860    	83.7	82.9
    25920    	83.7	82.9
    25980    	83.7	82.9
    26040    	83.7	82.9
    26100    	87.0	79.6
    26160    	83.7	82.9
    26220    	83.7	79.6
    26280    	83.7	79.6
    26340    	83.7	82.9
    26400    	83.7	79.6
    26460    	83.7	79.6
    26520    	83.7	82.9
    26580    	83.7	79.6
    26640    	80.4	79.6
    26700    	83.7	79.6
    26760    	83.7	79.6
    26820    	83.7	82.9
    26880    	83.7	79.6
    26940    	83.7	79.6
    27000    	83.7	79.6
    27060    	83.7	82.9
    27120    	83.7	79.6
    27180    	83.7	79.6
    27240    	83.7	82.9
    27300    	83.7	79.6
    27360    	83.7	79.6
    27420    	83.7	82.9
    27480    	83.7	79.6
    27540    	83.7	79.6
    27600    	83.7	79.6
    27660    	83.7	82.9
    27720    	80.4	79.6
    27780    	83.7	79.6
    27840    	83.7	82.9
    27900    	83.7	82.9
    27960    	87.0	79.6
    28020    	83.7	79.6
    28080    	83.7	82.9
    28140    	83.7	79.6
    28200    	83.7	79.6
    28260    	83.7	82.9
    28320    	83.7	82.9
    28380    	83.7	79.6
    28440    	80.4	79.6
    28500    	87.0	79.6
    28560    	83.7	82.9
    28620    	83.7	82.9
    28680    	83.7	79.6
    28740    	83.7	79.6
    28800    	83.7	79.6
    28860    	83.7	79.6
    28920    	83.7	79.6
    28980    	83.7	82.9
    29040    	83.7	79.6
    29100    	87.0	82.9
    29160    	83.7	79.6
    29220    	83.7	79.6
    29280    	80.4	82.9
    29340    	83.7	82.9
    29400    	83.7	79.6
    29460    	83.7	82.9
    29520    	83.7	79.6
    29580    	83.7	82.9
    29640    	83.7	79.6
    29700    	83.7	79.6
    29760    	83.7	79.6
    29820    	87.0	79.6
    29880    	83.7	79.6
    29940    	83.7	79.6
    30000    	83.7	79.6
    30060    	83.7	79.6
    30120    	80.4	82.9
    30180    	83.7	79.6
    30240    	87.0	79.6
    30300    	80.4	82.9
    30360    	83.7	79.6
    30420    	83.7	79.6
    30480    	83.7	82.9
    30540    	87.0	79.6
    30600    	83.7	79.6
    30660    	83.7	82.9
    30720    	80.4	79.6
    30780    	83.7	79.6
    30840    	83.7	79.6
    30900    	83.7	79.6
    30960    	87.0	82.9
    31020    	83.7	82.9
    31080    	83.7	82.9
    31140    	83.7	82.9
    31200    	83.7	79.6
    31260    	83.7	79.6
    31321    	87.0	79.6
    31381    	87.0	76.4
    31441    	83.7	79.6
    31501    	83.7	79.6
    31561    	83.7	82.9
    31621    	83.7	82.9
    31681    	87.0	79.6
    31741    	83.7	79.6
    31801    	83.7	79.6
    31861    	83.7	79.6
    31921    	83.7	79.6
    31981    	83.7	79.6
    32041    	87.0	79.6
    32101    	83.7	79.6
    32161    	83.7	82.9
    32221    	83.7	79.6
    32281    	83.7	79.6
    32341    	83.7	82.9
    32401    	83.7	79.6
    32461    	87.0	79.6
    32521    	83.7	82.9
    32581    	83.7	82.9
    32641    	83.7	79.6
    32701    	83.7	82.9
    32761    	87.0	79.6
    32821    	83.7	82.9
    32881    	83.7	79.6
    32941    	83.7	79.6
    33001    	83.7	82.9
    33061    	87.0	82.9
    33121    	87.0	82.9
    33181    	83.7	79.6
    33241    	83.7	79.6
    33301    	83.7	79.6
    33361    	83.7	82.9
    33421    	83.7	79.6
    33481    	83.7	79.6
    33541    	83.7	79.6
    33601    	80.4	79.6
    33661    	83.7	79.6
    33721    	80.4	79.6
    33781    	83.7	79.6
    33841    	83.7	82.9
    33901    	83.7	79.6
    33961    	83.7	82.9
    34021    	83.7	79.6
    34081    	83.7	79.6
    34141    	83.7	79.6
    34201    	83.7	79.6
    34261    	80.4	79.6
    34321    	83.7	79.6
    34381    	83.7	79.6
    34441    	83.7	79.6
    34501    	83.7	79.6
    34561    	83.7	79.6
    34621    	83.7	79.6
    34681    	83.7	79.6
    34741    	83.7	82.9
    34801    	83.7	79.6
    34861    	87.0	79.6
    34921    	83.7	82.9
    34981    	80.4	79.6
    35041    	83.7	79.6
    35101    	80.4	82.9
    35161    	83.7	79.6
    35221    	80.4	79.6
    35281    	83.7	82.9
    35341    	83.7	79.6
    35401    	83.7	79.6
    35461    	83.7	79.6
    35521    	83.7	79.6
    35581    	83.7	79.6
    35641    	83.7	82.9
    35701    	83.7	82.9
    35761    	83.7	79.6
    35821    	83.7	79.6
    35881    	83.7	79.6
    35941    	80.4	79.6
    36001    	80.4	79.6
    36061    	80.4	79.6
    36121    	83.7	79.6
    36181    	83.7	79.6
    36241    	83.7	82.9
    36301    	87.0	82.9
    36361    	83.7	82.9
    36421    	83.7	82.9
    36481    	83.7	82.9
    36541    	83.7	79.6
    36601    	83.7	79.6
    36661    	83.7	79.6
    36721    	83.7	79.6
    36781    	80.4	79.6
    36841    	83.7	79.6
    36901    	83.7	82.9
    36961    	83.7	79.6
    37021    	80.4	79.6
    37081    	83.7	79.6
    37141    	83.7	79.6
    37201    	83.7	82.9
    37261    	83.7	79.6
    37321    	83.7	79.6
    37381    	80.4	79.6
    37441    	83.7	79.6
    37501    	83.7	79.6
    37561    	83.7	79.6
    37621    	83.7	79.6
    37681    	83.7	82.9
    37741    	87.0	79.6
    37801    	83.7	79.6
    37861    	83.7	79.6
    37921    	83.7	82.9
    37981    	83.7	79.6
    38041    	80.4	79.6
    38101    	83.7	79.6
    38161    	87.0	79.6
    38221    	83.7	79.6
    38281    	83.7	79.6
    38341    	83.7	82.9
    38401    	83.7	82.9
    38461    	83.7	79.6
    38521    	83.7	82.9
    38581    	83.7	79.6
    38641    	83.7	79.6
    38701    	83.7	79.6
    38761    	83.7	79.6
    38821    	80.4	79.6
    38881    	83.7	82.9
    38941    	83.7	79.6
    39001    	80.4	79.6
    39061    	80.4	79.6
    39121    	83.7	79.6
    39181    	83.7	79.6
    39241    	83.7	82.9
    39301    	83.7	82.9
    39361    	83.7	79.6
    39421    	83.7	82.9
    39481    	83.7	82.9
    39541    	83.7	79.6
    39601    	83.7	79.6
    39661    	83.7	79.6
    39721    	83.7	79.6
    39781    	83.7	79.6
    39841    	83.7	82.9
    39901    	83.7	79.6
    39961    	83.7	79.6
    40021    	83.7	79.6
    40081    	83.7	79.6
    40141    	83.7	79.6
    40201    	83.7	79.6
    40261    	83.7	82.9
    40321    	83.7	79.6
    40381    	83.7	79.6
    40441    	83.7	79.6
    40501    	83.7	79.6
    40561    	83.7	79.6
    40621    	80.4	79.6
    40681    	83.7	79.6
    40741    	83.7	82.9
    40801    	87.0	79.6
    40861    	83.7	82.9
    40921    	83.7	82.9
    40981    	80.4	79.6
    41041    	83.7	79.6
    41101    	83.7	79.6
    41161    	83.7	79.6
    41221    	83.7	79.6
    41281    	87.0	79.6
    41341    	87.0	79.6
    41401    	83.7	79.6
    41461    	83.7	79.6
    41521    	80.4	82.9
    41581    	80.4	79.6
    41641    	80.4	79.6
    41701    	83.7	79.6
    41761    	83.7	76.4
    41821    	83.7	79.6
    41881    	83.7	82.9
    41941    	83.7	79.6
    42001    	83.7	79.6
    42061    	83.7	82.9
    42121    	83.7	79.6
    42181    	83.7	79.6
    42241    	83.7	82.9
    42301    	83.7	79.6
    42361    	83.7	79.6
    42421    	83.7	79.6
    42481    	83.7	82.9
    42541    	83.7	79.6
    42601    	83.7	79.6
    42661    	83.7	82.9
    42721    	80.4	79.6
    42781    	83.7	79.6
    42841    	83.7	79.6
    42901    	80.4	79.6
    42961    	83.7	79.6
    43021    	83.7	79.6
    43081    	83.7	79.6
    43141    	83.7	82.9
    43201    	83.7	79.6
    43261    	83.7	82.9
    43321    	83.7	82.9
    43381    	83.7	79.6
    43441    	83.7	79.6
    43501    	83.7	79.6
    43561    	80.4	79.6
    43621    	83.7	79.6
    43681    	83.7	79.6
    43741    	83.7	79.6
    43801    	83.7	79.6
    43861    	83.7	79.6
    43921    	83.7	79.6
    43981    	83.7	79.6
    44041    	83.7	82.9
    44101    	83.7	79.6
    44161    	83.7	79.6
    44221    	83.7	79.6
    44281    	83.7	79.6
    44341    	80.4	79.6
    44401    	80.4	79.6
    44461    	83.7	79.6
    44521    	83.7	79.6
    44581    	83.7	82.9
    44641    	83.7	82.9
    44701    	83.7	79.6
    44761    	83.7	79.6
    44821    	83.7	82.9
    44881    	80.4	79.6
    44941    	83.7	79.6
    45001    	83.7	79.6
    45061    	83.7	82.9
    45121    	80.4	79.6
    45181    	83.7	79.6
    45241    	83.7	82.9
    45301    	83.7	82.9
    45361    	80.4	79.6
    45421    	83.7	79.6
    45481    	83.7	79.6
    45541    	83.7	79.6
    45601    	83.7	79.6
    45661    	83.7	79.6
    45721    	83.7	79.6
    45781    	83.7	79.6
    45841    	83.7	79.6
    45901    	83.7	79.6
    45961    	83.7	79.6
    46021    	83.7	79.6
    46081    	83.7	79.6
    46141    	83.7	82.9
    46201    	80.4	79.6
    46261    	80.4	79.6
    46321    	83.7	79.6
    46381    	83.7	79.6
    46441    	83.7	79.6
    46501    	83.7	79.6
    46561    	83.7	79.6
    46621    	83.7	79.6
    46681    	83.7	79.6
    46741    	83.7	79.6
    46801    	83.7	79.6
    46861    	83.7	82.9
    46921    	83.7	79.6
    46981    	83.7	79.6
    47041    	83.7	82.9
    47101    	83.7	82.9
    47161    	83.7	79.6
    47221    	83.7	79.6
    47281    	83.7	82.9
    47341    	83.7	79.6
    47401    	83.7	82.9
    47461    	87.0	79.6
    47521    	83.7	79.6
    47581    	83.7	79.6
    47641    	83.7	76.4
    47701    	83.7	79.6
    47761    	83.7	79.6
    47821    	83.7	79.6
    47881    	83.7	79.6
    47941    	83.7	79.6
    48001    	83.7	79.6
    48061    	83.7	79.6
    48121    	83.7	82.9
    48181    	83.7	79.6
    48241    	80.4	79.6
    48301    	83.7	82.9
    48361    	80.4	79.6
    48421    	83.7	82.9
    48481    	83.7	79.6
    48541    	87.0	82.9
    48601    	83.7	79.6
    48661    	83.7	79.6
    48721    	83.7	82.9
    48781    	83.7	79.6
    48841    	83.7	79.6
    48901    	83.7	82.9
    48961    	80.4	79.6
    49021    	83.7	82.9
    49081    	83.7	79.6
    49141    	83.7	82.9
    49201    	83.7	79.6
    49261    	83.7	79.6
    49321    	83.7	79.6
    49381    	83.7	79.6
    49441    	83.7	79.6
    49501    	80.4	82.9
    49561    	83.7	79.6
    49621    	83.7	79.6
    49681    	83.7	79.6
    49741    	83.7	79.6
    49801    	83.7	79.6
    49861    	83.7	82.9
    49921    	83.7	79.6
    49981    	83.7	82.9
    50041    	83.7	79.6
    50101    	83.7	79.6
    50161    	83.7	79.6
    50221    	83.7	79.6
    50281    	83.7	79.6
    50341    	83.7	79.6
    50401    	83.7	79.6
    50461    	80.4	79.6
    50521    	83.7	79.6
    50581    	83.7	79.6
    50641    	83.7	82.9
    50701    	83.7	79.6
    50761    	83.7	79.6
    50821    	83.7	79.6
    50881    	83.7	79.6
    50941    	83.7	79.6
    51001    	83.7	82.9
    51061    	83.7	79.6
    51121    	83.7	79.6
    51181    	83.7	82.9
    51241    	87.0	79.6
    51301    	83.7	79.6
    51361    	83.7	79.6
    51421    	83.7	82.9
    51481    	83.7	79.6
    51541    	83.7	79.6
    51601    	83.7	79.6
    51661    	83.7	79.6
    51721    	87.0	82.9
    51781    	83.7	79.6
    51841    	83.7	79.6
    51901    	83.7	82.9
    51961    	83.7	82.9
    52021    	83.7	79.6
    52081    	83.7	82.9
    52141    	87.0	82.9
    52201    	83.7	79.6
    52261    	83.7	79.6
    52321    	87.0	79.6
    52381    	80.4	79.6
    52441    	83.7	82.9
    52501    	80.4	79.6
    52561    	83.7	79.6
    52621    	83.7	82.9
    52681    	83.7	82.9
    52741    	80.4	79.6
    52801    	83.7	79.6
    52861    	83.7	79.6
    52921    	83.7	79.6
    52981    	80.4	79.6
    53041    	83.7	82.9
    53101    	83.7	82.9
    53161    	83.7	79.6
    53221    	87.0	79.6
    53281    	83.7	82.9
    53341    	83.7	82.9
    53401    	83.7	79.6
    53461    	83.7	79.6
    53521    	83.7	79.6
    53581    	83.7	79.6
    53641    	83.7	82.9
    53701    	83.7	79.6
    53761    	83.7	82.9
    53821    	83.7	82.9
    53881    	83.7	82.9
    53941    	83.7	79.6
    54001    	83.7	79.6
    54061    	83.7	82.9
    54121    	83.7	79.6
    54181    	83.7	79.6
    54241    	83.7	79.6
    54301    	83.7	79.6
    54361    	83.7	82.9
    54421    	87.0	79.6
    54481    	83.7	79.6
    54541    	83.7	79.6
    54601    	83.7	82.9
    54661    	83.7	79.6
    54721    	83.7	79.6
    54781    	80.4	79.6
    54841    	83.7	79.6
    54901    	83.7	79.6
    54961    	83.7	79.6
    55021    	83.7	82.9
    55081    	83.7	79.6
    55141    	83.7	82.9
    55201    	83.7	79.6
    55261    	80.4	82.9
    55321    	83.7	82.9
    55381    	83.7	79.6
    55441    	83.7	82.9
    55501    	83.7	82.9
    55561    	83.7	79.6
    55621    	83.7	79.6
    55681    	83.7	79.6
    55741    	83.7	79.6
    55801    	83.7	79.6
    55861    	83.7	79.6
    55921    	83.7	79.6
    55981    	83.7	82.9
    56041    	83.7	79.6
    56101    	83.7	79.6
    56161    	83.7	82.9
    56221    	83.7	79.6
    56281    	83.7	79.6
    56341    	83.7	82.9
    56401    	83.7	82.9
    56461    	83.7	79.6
    56521    	83.7	79.6
    56581    	80.4	82.9
    56641    	83.7	82.9
    56701    	83.7	79.6
    56761    	80.4	79.6
    56821    	80.4	79.6
    56881    	83.7	79.6
    56941    	80.4	79.6
    57001    	83.7	82.9
    57061    	87.0	79.6
    57121    	83.7	82.9
    57181    	83.7	79.6
    57241    	83.7	82.9
    57301    	83.7	79.6
    57361    	83.7	79.6
    57421    	83.7	79.6
    57481    	80.4	79.6
    57541    	87.0	79.6
    57601    	83.7	82.9
    57661    	83.7	79.6
    57721    	83.7	82.9
    57781    	83.7	79.6
    57841    	83.7	79.6
    57901    	83.7	79.6
    57961    	83.7	79.6
    58021    	83.7	79.6
    58081    	83.7	82.9
    58141    	83.7	79.6
    58201    	83.7	79.6
    58261    	83.7	79.6
    58321    	83.7	79.6
    58381    	83.7	82.9
    58441    	83.7	79.6
    58501    	87.0	82.9
    58561    	83.7	79.6
    58621    	83.7	79.6
    58681    	83.7	79.6
    58741    	83.7	79.6
    58801    	87.0	82.9
    58861    	80.4	79.6
    58921    	83.7	79.6
    58981    	83.7	79.6
    59041    	83.7	79.6
    59101    	83.7	82.9
    59161    	83.7	79.6
    59221    	83.7	82.9
    59281    	83.7	79.6
    59341    	83.7	79.6
    59401    	87.0	79.6
    59461    	80.4	82.9
    59521    	83.7	79.6
    59581    	83.7	79.6
    59641    	83.7	82.9
    59701    	83.7	82.9
    59761    	83.7	79.6
    59821    	83.7	79.6
    59881    	83.7	79.6
    59941    	83.7	79.6
    60001    	87.0	82.9
    60061    	83.7	79.6
    60121    	83.7	79.6
    60181    	83.7	82.9
    60241    	83.7	82.9
    60301    	83.7	79.6
    60361    	83.7	79.6
    60421    	83.7	79.6
    60481    	83.7	79.6
    60541    	83.7	79.6
    60601    	83.7	79.6
    60661    	83.7	79.6
    60721    	83.7	79.6
    60781    	83.7	79.6
    60841    	83.7	79.6
    60901    	83.7	82.9
    60961    	83.7	79.6
    61021    	80.4	82.9
    61081    	80.4	79.6
    61141    	80.4	79.6
    61201    	83.7	79.6
    61261    	83.7	79.6
    61321    	83.7	79.6
    61381    	83.7	79.6
    61441    	83.7	79.6
    61501    	83.7	79.6
    61561    	83.7	79.6
    61621    	83.7	82.9
    61681    	80.4	79.6
    61741    	83.7	82.9
    61801    	83.7	76.4
    61861    	83.7	79.6
    61921    	83.7	79.6
    61981    	80.4	82.9
    62041    	83.7	79.6
    62101    	80.4	79.6
    62161    	80.4	79.6
    62221    	83.7	79.6
    62281    	80.4	79.6
    62341    	80.4	79.6
    62401    	83.7	82.9
    62461    	80.4	82.9
    62521    	83.7	82.9
    62581    	83.7	79.6
    62641    	83.7	79.6
    62701    	83.7	79.6
    62761    	83.7	79.6
    62821    	83.7	79.6
    62881    	83.7	79.6
    62941    	83.7	79.6
    63001    	83.7	79.6
    63061    	83.7	79.6
    63121    	83.7	82.9
    63181    	80.4	79.6
    63241    	83.7	82.9
    63301    	80.4	79.6
    63361    	83.7	76.4
    63421    	83.7	79.6
    63481    	83.7	82.9
    63541    	83.7	82.9
    63601    	83.7	79.6
    63661    	83.7	79.6
    63721    	83.7	82.9
    63781    	83.7	79.6
    63841    	83.7	82.9
    63901    	83.7	79.6
    63961    	83.7	79.6
    64021    	83.7	79.6
    64081    	83.7	79.6
    64141    	83.7	79.6
    64201    	83.7	79.6
    64261    	80.4	79.6
    64321    	83.7	79.6
    64381    	83.7	82.9
    64441    	83.7	79.6
    64501    	83.7	79.6
    64561    	83.7	79.6
    64621    	83.7	79.6
    64681    	83.7	79.6
    64741    	83.7	79.6
    64801    	83.7	79.6
    64861    	80.4	79.6
    64921    	83.7	79.6
    64981    	83.7	79.6
    65041    	83.7	82.9
    65101    	83.7	82.9
    65161    	83.7	79.6
    65221    	80.4	79.6
    65281    	83.7	79.6
    65341    	83.7	79.6
    65401    	83.7	82.9
    65461    	83.7	82.9
    65521    	83.7	79.6
    65581    	83.7	79.6
    65641    	83.7	79.6
    65701    	83.7	82.9
    65761    	83.7	79.6
    65821    	80.4	82.9
    65881    	80.4	79.6
    65941    	83.7	79.6
    66001    	80.4	79.6
    66061    	83.7	79.6
    66121    	83.7	82.9
    66181    	83.7	79.6
    66241    	80.4	79.6
    66301    	83.7	79.6
    66361    	80.4	79.6
    66421    	83.7	82.9
    66481    	83.7	82.9
    66541    	83.7	79.6
    66601    	83.7	79.6
    66661    	83.7	79.6
    66721    	83.7	79.6
    66781    	83.7	79.6
    66841    	83.7	79.6
    66901    	83.7	79.6
    66961    	83.7	79.6
    67021    	83.7	79.6
    67081    	83.7	79.6
    67141    	87.0	79.6
    67201    	83.7	79.6
    67261    	83.7	79.6
    67321    	83.7	79.6
    67381    	83.7	79.6
    67441    	83.7	79.6
    67501    	83.7	79.6
    67561    	83.7	79.6
    67621    	83.7	79.6
    67681    	83.7	79.6
    67741    	83.7	79.6
    67801    	83.7	82.9
    67861    	83.7	79.6
    67921    	83.7	79.6
    67981    	83.7	79.6
    68041    	83.7	82.9
    68101    	83.7	82.9
    68161    	83.7	82.9
    68221    	83.7	82.9
    68281    	83.7	79.6
    68341    	83.7	82.9
    68401    	83.7	79.6
    68461    	80.4	76.4
    68521    	80.4	82.9
    68581    	83.7	79.6
    68641    	83.7	82.9
    68701    	83.7	79.6
    68761    	83.7	79.6
    68821    	83.7	82.9
    68881    	83.7	79.6
    68941    	83.7	79.6
    69001    	87.0	79.6
    69061    	83.7	79.6
    69121    	83.7	82.9
    69181    	83.7	79.6
    69241    	83.7	79.6
    69301    	83.7	79.6
    69361    	83.7	79.6
    69421    	83.7	79.6
    69481    	83.7	79.6
    69541    	83.7	79.6
    69601    	83.7	79.6
    69661    	83.7	82.9
    69721    	83.7	76.4
    69781    	83.7	79.6
    69841    	80.4	79.6
    69901    	83.7	82.9
    69961    	83.7	79.6
    70021    	83.7	79.6
    70081    	83.7	79.6
    70141    	83.7	79.6
    70201    	80.4	82.9
    70262    	83.7	79.6
    70322    	83.7	79.6
    70382    	83.7	79.6
    70442    	83.7	79.6
    70502    	83.7	79.6
    70562    	80.4	79.6
    70622    	83.7	79.6
    70682    	87.0	82.9
    70742    	80.4	79.6
    70802    	80.4	82.9
    70862    	87.0	79.6
    70922    	83.7	79.6
    70982    	83.7	82.9
    71042    	83.7	79.6
    71102    	83.7	82.9
    71162    	83.7	79.6
    71222    	83.7	79.6
    71282    	83.7	79.6
    71342    	83.7	79.6
    71402    	83.7	79.6
    71462    	80.4	82.9
    71522    	83.7	79.6
    71582    	83.7	79.6
    71642    	83.7	79.6
    71702    	83.7	79.6
    71762    	83.7	82.9
    71822    	83.7	82.9
    71882    	83.7	79.6
    71942    	83.7	79.6
    72002    	83.7	79.6
    72062    	80.4	79.6
    72122    	83.7	79.6
    72182    	80.4	79.6
    72242    	83.7	79.6
    72302    	83.7	82.9
    72362    	83.7	79.6
    72422    	83.7	79.6
    72482    	83.7	79.6
    72542    	83.7	79.6
    72602    	83.7	82.9
    72662    	83.7	79.6
    72722    	83.7	79.6
    72782    	83.7	82.9
    72842    	83.7	79.6
    72902    	83.7	82.9
    72962    	83.7	79.6
    73022    	83.7	82.9
    73082    	87.0	79.6
    73142    	80.4	82.9
    73202    	83.7	82.9
    73262    	83.7	79.6
    73322    	83.7	79.6
    73382    	80.4	79.6
    73442    	83.7	82.9
    73502    	83.7	79.6
    73562    	83.7	82.9
    73622    	83.7	79.6
    73682    	83.7	79.6
    73742    	80.4	79.6
    73802    	83.7	79.6
    73862    	83.7	79.6
    73922    	83.7	79.6
    73982    	83.7	79.6
    74042    	83.7	79.6
    74102    	83.7	82.9
    74162    	80.4	79.6
    74222    	83.7	79.6
    74282    	83.7	79.6
    74342    	83.7	82.9
    74402    	83.7	79.6
    74462    	83.7	79.6
    74522    	80.4	79.6
    74582    	83.7	79.6
    74642    	83.7	79.6
    74702    	83.7	82.9
    74762    	83.7	79.6
    74822    	83.7	79.6
    74882    	83.7	79.6
    74942    	80.4	79.6
    75002    	83.7	79.6
    75062    	80.4	79.6
    75122    	83.7	76.4
    75182    	83.7	79.6
    75242    	83.7	79.6
    75302    	83.7	79.6
    75362    	83.7	82.9
    75422    	83.7	79.6
    75482    	83.7	79.6
    75542    	80.4	79.6
    75602    	83.7	79.6
    75662    	83.7	79.6
    75722    	83.7	82.9
    75782    	83.7	79.6
    75842    	83.7	82.9
    75902    	83.7	79.6
    75962    	83.7	82.9
    76022    	83.7	82.9
    76082    	83.7	79.6
    76142    	83.7	79.6
    76202    	83.7	82.9
    76262    	83.7	79.6
    76322    	80.4	82.9
    76382    	83.7	79.6
    76442    	83.7	79.6
    76502    	83.7	79.6
    76562    	83.7	79.6
    76622    	83.7	82.9
    76682    	83.7	82.9
    76742    	83.7	79.6
    76802    	80.4	79.6
    76862    	80.4	79.6
    76922    	83.7	79.6
    76982    	80.4	79.6
    77042    	83.7	79.6
    77102    	83.7	79.6
    77162    	80.4	82.9
    77222    	83.7	82.9
    77282    	80.4	79.6
    77342    	83.7	79.6
    77402    	80.4	79.6
    77462    	83.7	82.9
    77522    	83.7	79.6
    77582    	83.7	79.6
    77642    	83.7	79.6
    77702    	83.7	79.6
    77762    	83.7	79.6
    77822    	83.7	79.6
    77882    	83.7	79.6
    77942    	83.7	79.6
    78002    	83.7	79.6
    78062    	83.7	82.9
    78122    	87.0	79.6
    78182    	83.7	79.6
    78242    	83.7	79.6
    78302    	83.7	79.6
    78362    	80.4	79.6
    78422    	87.0	82.9
    78482    	83.7	79.6
    78542    	83.7	79.6
    78602    	83.7	79.6
    78662    	80.4	79.6
    78722    	87.0	79.6
    78782    	80.4	79.6
    78842    	80.4	79.6
    78902    	80.4	79.6
    78962    	80.4	79.6
    79022    	83.7	79.6
    79082    	80.4	82.9
    79142    	83.7	79.6
    79202    	83.7	79.6
    79262    	83.7	79.6
    79322    	83.7	79.6
    79382    	83.7	79.6
    79442    	83.7	79.6
    79502    	83.7	79.6
    79562    	80.4	79.6
    79622    	83.7	79.6
    79682    	83.7	79.6
    79742    	80.4	79.6
    79802    	83.7	82.9
    79862    	80.4	79.6
    79922    	83.7	82.9
    79982    	83.7	79.6
    80042    	83.7	79.6
    80102    	83.7	79.6
    80162    	83.7	79.6
    80222    	83.7	79.6
    80282    	83.7	82.9
    80342    	83.7	79.6
    80402    	83.7	82.9
    80462    	80.4	79.6
    80522    	83.7	79.6
    80582    	83.7	82.9
    80642    	83.7	79.6
    80702    	83.7	79.6
    80762    	83.7	82.9
    80822    	83.7	79.6
    80882    	83.7	79.6
    80942    	83.7	79.6
    81002    	80.4	79.6
    81062    	83.7	79.6
    81122    	83.7	79.6
    81182    	83.7	82.9
    81242    	83.7	79.6
    81302    	83.7	79.6
    81362    	80.4	79.6
    81422    	83.7	79.6
    81482    	83.7	76.4
    81542    	80.4	79.6
    81602    	83.7	79.6
    81662    	83.7	79.6
    81722    	83.7	79.6
    81782    	87.0	79.6
    81842    	83.7	79.6
    81902    	83.7	79.6
    81962    	83.7	79.6
    82022    	83.7	79.6
    82082    	80.4	82.9
    82142    	83.7	79.6
    82202    	83.7	79.6
    82262    	83.7	79.6
    82322    	83.7	82.9
    82382    	83.7	79.6
    82442    	87.0	79.6
    82502    	83.7	76.4
    82562    	83.7	79.6
    82622    	83.7	82.9
    82682    	80.4	79.6
    82742    	80.4	79.6
    82802    	83.7	82.9
    82862    	83.7	79.6
    82922    	83.7	79.6
    82982    	87.0	79.6
    83042    	83.7	82.9
    83102    	83.7	79.6
    83162    	83.7	79.6
