---------------------------------------------------
  Seconds     D4       G7    
---------------------------------------------------
        0    	83.7	79.6
       60    	87.0	82.9
      120    	87.0	79.6
      180    	83.7	82.9
      240    	83.7	82.9
      300    	87.0	79.6
      360    	87.0	82.9
      420    	83.7	82.9
      480    	83.7	79.6
      540    	83.7	79.6
      600    	83.7	82.9
      660    	87.0	82.9
      720    	83.7	79.6
      780    	83.7	82.9
      840    	83.7	82.9
      900    	83.7	79.6
      960    	83.7	79.6
     1020    	83.7	79.6
     1080    	83.7	79.6
     1140    	83.7	79.6
     1200    	83.7	79.6
     1260    	83.7	79.6
     1320    	83.7	82.9
     1380    	83.7	82.9
     1440    	83.7	82.9
     1500    	83.7	82.9
     1560    	83.7	79.6
     1620    	83.7	82.9
     1680    	83.7	79.6
     1740    	83.7	82.9
     1800    	83.7	82.9
     1860    	83.7	79.6
     1920    	83.7	79.6
     1980    	83.7	82.9
     2040    	87.0	79.6
     2100    	83.7	79.6
     2160    	83.7	82.9
     2220    	83.7	79.6
     2280    	83.7	79.6
     2340    	83.7	82.9
     2400    	83.7	79.6
     2460    	83.7	82.9
     2520    	80.4	79.6
     2580    	80.4	79.6
     2640    	83.7	79.6
     2700    	83.7	82.9
     2760    	83.7	79.6
     2820    	83.7	82.9
     2880    	83.7	82.9
     2940    	83.7	82.9
     3000    	87.0	79.6
     3060    	83.7	79.6
     3120    	87.0	79.6
     3180    	83.7	82.9
     3240    	83.7	79.6
     3300    	80.4	79.6
     3360    	83.7	79.6
     3420    	83.7	79.6
     3480    	83.7	82.9
     3540    	83.7	82.9
     3600    	87.0	79.6
     3660    	80.4	79.6
     3720    	87.0	79.6
     3780    	83.7	76.4
     3840    	83.7	82.9
     3900    	87.0	82.9
     3960    	83.7	79.6
     4020    	83.7	82.9
     4080    	83.7	82.9
     4140    	83.7	79.6
     4200    	87.0	82.9
     4260    	83.7	79.6
     4320    	83.7	82.9
     4380    	83.7	82.9
     4440    	83.7	79.6
     4500    	83.7	79.6
     4560    	83.7	82.9
     4620    	83.7	79.6
     4680    	83.7	82.9
     4740    	83.7	79.6
     4800    	83.7	82.9
     4860    	83.7	79.6
     4920    	80.4	79.6
     4980    	83.7	79.6
     5040    	83.7	76.4
     5100    	83.7	82.9
     5160    	83.7	82.9
     5220    	83.7	82.9
     5280    	83.7	79.6
     5340    	83.7	79.6
     5400    	83.7	82.9
     5460    	83.7	79.6
     5520    	83.7	82.9
     5580    	83.7	82.9
     5640    	83.7	79.6
     5700    	83.7	79.6
     5760    	83.7	82.9
     5820    	80.4	79.6
     5880    	83.7	79.6
     5940    	83.7	79.6
     6000    	80.4	79.6
     6060    	83.7	79.6
     6120    	83.7	79.6
     6180    	83.7	79.6
     6240    	83.7	82.9
     6300    	83.7	82.9
     6360    	83.7	79.6
     6420    	83.7	82.9
     6480    	83.7	79.6
     6540    	83.7	79.6
     6600    	83.7	79.6
     6660    	83.7	82.9
     6720    	83.7	82.9
     6780    	80.4	82.9
     6840    	83.7	79.6
     6900    	83.7	79.6
     6960    	83.7	79.6
     7020    	83.7	82.9
     7080    	87.0	79.6
     7140    	80.4	82.9
     7200    	83.7	82.9
     7260    	83.7	79.6
     7320    	83.7	82.9
     7380    	87.0	79.6
     7440    	83.7	79.6
     7500    	83.7	82.9
     7560    	83.7	79.6
     7620    	83.7	82.9
     7680    	83.7	79.6
     7740    	83.7	82.9
     7800    	80.4	82.9
     7860    	83.7	82.9
     7920    	83.7	82.9
     7980    	83.7	82.9
     8040    	83.7	82.9
     8100    	83.7	79.6
     8160    	83.7	79.6
     8220    	83.7	79.6
     8280    	83.7	82.9
     8340    	83.7	76.4
     8400    	83.7	79.6
     8460    	83.7	79.6
     8520    	83.7	79.6
     8580    	83.7	82.9
     8640    	83.7	79.6
     8700    	83.7	82.9
     8760    	83.7	79.6
     8820    	83.7	79.6
     8880    	83.7	82.9
     8940    	83.7	79.6
     9000    	83.7	79.6
     9060    	83.7	82.9
     9120    	83.7	79.6
     9180    	83.7	79.6
     9240    	83.7	79.6
     9300    	83.7	79.6
     9360    	83.7	82.9
     9420    	83.7	82.9
     9480    	80.4	82.9
     9540    	80.4	79.6
     9600    	83.7	79.6
     9660    	83.7	79.6
     9720    	83.7	82.9
     9780    	83.7	79.6
     9840    	83.7	82.9
     9900    	83.7	82.9
     9960    	83.7	79.6
    10020    	83.7	79.6
    10080    	83.7	79.6
    10140    	83.7	82.9
    10200    	83.7	82.9
    10260    	80.4	79.6
    10320    	83.7	79.6
    10380    	83.7	82.9
    10440    	83.7	82.9
    10500    	80.4	79.6
    10560    	83.7	82.9
    10620    	83.7	79.6
    10680    	83.7	82.9
    10740    	83.7	79.6
    10800    	83.7	82.9
    10860    	83.7	82.9
    10920    	83.7	79.6
    10980    	87.0	79.6
    11040    	83.7	82.9
    11100    	83.7	86.2
    11160    	83.7	82.9
    11220    	83.7	82.9
    11280    	83.7	82.9
    11340    	83.7	82.9
    11400    	83.7	79.6
    11460    	83.7	82.9
    11520    	83.7	82.9
    11580    	87.0	82.9
    11640    	83.7	82.9
    11700    	83.7	82.9
    11760    	83.7	79.6
    11820    	83.7	79.6
    11880    	80.4	82.9
    11940    	83.7	79.6
    12000    	83.7	82.9
    12060    	83.7	82.9
    12120    	83.7	82.9
    12180    	83.7	82.9
    12240    	80.4	79.6
    12300    	83.7	82.9
    12360    	83.7	82.9
    12420    	83.7	79.6
    12480    	83.7	82.9
    12540    	83.7	82.9
    12600    	83.7	79.6
    12660    	87.0	79.6
    12720    	83.7	76.4
    12780    	83.7	79.6
    12840    	80.4	79.6
    12900    	83.7	82.9
    12960    	83.7	82.9
    13020    	83.7	79.6
    13080    	83.7	79.6
    13140    	87.0	82.9
    13200    	87.0	79.6
    13260    	87.0	82.9
    13320    	83.7	82.9
    13380    	83.7	82.9
    13440    	83.7	82.9
    13500    	83.7	82.9
    13560    	80.4	79.6
    13620    	83.7	79.6
    13680    	83.7	79.6
    13740    	87.0	82.9
    13800    	83.7	82.9
    13860    	83.7	79.6
    13920    	83.7	82.9
    13980    	83.7	79.6
    14040    	83.7	82.9
    14100    	83.7	79.6
    14160    	83.7	79.6
    14220    	83.7	79.6
    14280    	83.7	82.9
    14340    	83.7	82.9
    14400    	83.7	82.9
    14460    	80.4	82.9
    14520    	83.7	82.9
    14580    	83.7	82.9
    14640    	83.7	79.6
    14700    	83.7	82.9
    14760    	83.7	82.9
    14820    	83.7	79.6
    14880    	83.7	82.9
    14940    	83.7	82.9
    15000    	83.7	82.9
    15060    	83.7	82.9
    15120    	83.7	79.6
    15180    	87.0	79.6
    15240    	83.7	82.9
    15300    	87.0	82.9
    15360    	83.7	79.6
    15420    	83.7	82.9
    15480    	83.7	82.9
    15540    	83.7	79.6
    15600    	83.7	79.6
    15660    	83.7	79.6
    15720    	83.7	79.6
    15780    	83.7	82.9
    15840    	87.0	79.6
    15900    	80.4	82.9
    15960    	83.7	79.6
    16020    	83.7	82.9
    16080    	83.7	79.6
    16140    	83.7	79.6
    16200    	83.7	79.6
    16260    	83.7	82.9
    16320    	83.7	79.6
    16380    	83.7	79.6
    16440    	83.7	82.9
    16500    	83.7	82.9
    16560    	83.7	82.9
    16620    	83.7	79.6
    16680    	83.7	82.9
    16740    	83.7	79.6
    16800    	83.7	82.9
    16860    	83.7	79.6
    16920    	83.7	82.9
    16980    	83.7	79.6
    17040    	83.7	82.9
    17100    	83.7	82.9
    17160    	83.7	82.9
    17220    	83.7	79.6
    17280    	87.0	82.9
    17340    	83.7	82.9
    17400    	83.7	82.9
    17460    	83.7	82.9
    17520    	83.7	79.6
    17580    	87.0	79.6
    17640    	83.7	82.9
    17700    	83.7	79.6
    17760    	83.7	79.6
    17820    	83.7	79.6
    17880    	83.7	79.6
    17940    	83.7	82.9
    18000    	83.7	79.6
    18060    	87.0	82.9
    18120    	87.0	79.6
    18180    	83.7	79.6
    18240    	83.7	79.6
    18300    	83.7	82.9
    18360    	83.7	79.6
    18420    	83.7	82.9
    18480    	83.7	79.6
    18540    	83.7	82.9
    18600    	83.7	79.6
    18660    	83.7	79.6
    18720    	83.7	79.6
    18780    	83.7	79.6
    18840    	83.7	79.6
    18900    	80.4	79.6
    18960    	83.7	79.6
    19020    	83.7	79.6
    19080    	80.4	79.6
    19140    	83.7	82.9
    19200    	83.7	79.6
    19260    	83.7	79.6
    19320    	87.0	79.6
    19380    	80.4	79.6
    19440    	80.4	79.6
    19500    	83.7	79.6
    19560    	83.7	79.6
    19620    	83.7	79.6
    19680    	83.7	79.6
    19740    	83.7	82.9
    19800    	83.7	79.6
    19860    	83.7	79.6
    19920    	80.4	82.9
    19980    	83.7	82.9
    20040    	80.4	82.9
    20100    	87.0	79.6
    20160    	83.7	79.6
    20220    	80.4	79.6
    20280    	83.7	82.9
    20340    	83.7	79.6
    20400    	83.7	82.9
    20460    	83.7	79.6
    20520    	83.7	82.9
    20580    	87.0	79.6
    20640    	83.7	82.9
    20700    	83.7	79.6
    20760    	83.7	79.6
    20820    	83.7	82.9
    20880    	83.7	79.6
    20940    	83.7	79.6
    21000    	87.0	79.6
    21060    	83.7	82.9
    21120    	80.4	79.6
    21180    	83.7	82.9
    21240    	80.4	82.9
    21300    	83.7	79.6
    21360    	80.4	82.9
    21420    	83.7	82.9
    21480    	83.7	82.9
    21540    	83.7	79.6
    21600    	83.7	76.4
    21660    	83.7	79.6
    21720    	80.4	79.6
    21780    	83.7	79.6
    21840    	83.7	79.6
    21900    	83.7	82.9
    21960    	83.7	82.9
    22020    	83.7	82.9
    22080    	83.7	82.9
    22140    	80.4	79.6
    22200    	83.7	79.6
    22260    	83.7	82.9
    22320    	83.7	79.6
    22380    	83.7	79.6
    22440    	83.7	82.9
    22500    	83.7	82.9
    22560    	83.7	82.9
    22620    	83.7	79.6
    22680    	83.7	82.9
    22740    	83.7	79.6
    22800    	83.7	82.9
    22860    	83.7	79.6
    22920    	83.7	79.6
    22980    	83.7	79.6
    23040    	83.7	79.6
    23100    	83.7	79.6
    23160    	83.7	79.6
    23220    	83.7	79.6
    23280    	83.7	79.6
    23340    	83.7	79.6
    23400    	83.7	79.6
    23460    	83.7	82.9
    23520    	83.7	82.9
    23580    	87.0	79.6
    23640    	83.7	79.6
    23700    	83.7	82.9
    23760    	87.0	82.9
    23820    	87.0	79.6
    23880    	87.0	82.9
    23940    	83.7	79.6
    24000    	83.7	79.6
    24060    	83.7	79.6
    24120    	87.0	79.6
    24180    	83.7	79.6
    24240    	80.4	82.9
    24300    	83.7	79.6
    24360    	80.4	79.6
    24420    	83.7	79.6
    24480    	83.7	79.6
    24540    	83.7	82.9
    24600    	83.7	79.6
    24660    	83.7	82.9
    24720    	83.7	82.9
    24780    	80.4	79.6
    24840    	83.7	82.9
    24900    	83.7	79.6
    24960    	83.7	82.9
    25020    	83.7	82.9
    25080    	83.7	79.6
    25140    	83.7	79.6
    25200    	83.7	79.6
    25260    	83.7	79.6
    25320    	83.7	79.6
    25380    	83.7	79.6
    25440    	83.7	82.9
    25500    	83.7	79.6
    25560    	83.7	79.6
    25620    	87.0	79.6
    25680    	83.7	79.6
    25740    	83.7	82.9
    25800    	87.0	79.6
    25860    	87.0	79.6
    25920    	87.0	79.6
    25980    	87.0	79.6
    26040    	87.0	79.6
    26100    	87.0	82.9
    26160    	87.0	79.6
    26220    	83.7	79.6
    26280    	87.0	79.6
    26340    	83.7	79.6
    26400    	87.0	79.6
    26460    	87.0	82.9
    26520    	83.7	82.9
    26580    	83.7	82.9
    26640    	83.7	82.9
    26700    	83.7	79.6
    26760    	83.7	82.9
    26820    	83.7	82.9
    26881    	87.0	82.9
    26941    	83.7	79.6
    27001    	83.7	82.9
    27061    	83.7	79.6
    27121    	83.7	82.9
    27181    	83.7	82.9
    27241    	83.7	79.6
    27301    	83.7	82.9
    27361    	83.7	79.6
    27421    	83.7	82.9
    27481    	83.7	82.9
    27541    	83.7	79.6
    27601    	83.7	82.9
    27661    	83.7	79.6
    27721    	80.4	79.6
    27781    	83.7	79.6
    27841    	83.7	82.9
    27901    	83.7	79.6
    27961    	83.7	82.9
    28021    	83.7	79.6
    28081    	83.7	79.6
    28141    	83.7	82.9
    28201    	83.7	79.6
    28261    	83.7	82.9
    28321    	83.7	82.9
    28381    	83.7	79.6
    28441    	83.7	79.6
    28501    	83.7	82.9
    28561    	83.7	79.6
    28621    	83.7	82.9
    28681    	83.7	82.9
    28741    	83.7	79.6
    28801    	83.7	79.6
    28861    	83.7	82.9
    28921    	83.7	82.9
    28981    	87.0	79.6
    29041    	83.7	79.6
    29101    	83.7	79.6
    29161    	83.7	82.9
    29221    	83.7	79.6
    29281    	83.7	79.6
    29341    	83.7	79.6
    29401    	83.7	79.6
    29461    	83.7	79.6
    29521    	83.7	79.6
    29581    	87.0	79.6
    29641    	83.7	79.6
    29701    	83.7	79.6
    29761    	83.7	79.6
    29821    	83.7	82.9
    29881    	80.4	79.6
    29941    	83.7	82.9
    30001    	83.7	82.9
    30061    	83.7	76.4
    30121    	83.7	79.6
    30181    	83.7	79.6
    30241    	83.7	82.9
    30301    	80.4	82.9
    30361    	80.4	79.6
    30421    	83.7	79.6
    30481    	80.4	79.6
    30541    	83.7	79.6
    30601    	80.4	79.6
    30661    	83.7	79.6
    30721    	83.7	82.9
    30781    	83.7	79.6
    30841    	83.7	79.6
    30901    	83.7	82.9
    30961    	83.7	82.9
    31021    	83.7	82.9
    31081    	83.7	79.6
    31141    	83.7	79.6
    31201    	83.7	82.9
    31261    	83.7	82.9
    31321    	87.0	79.6
    31381    	83.7	79.6
    31441    	83.7	82.9
    31501    	83.7	79.6
    31561    	83.7	79.6
    31621    	83.7	79.6
    31681    	83.7	82.9
    31741    	83.7	79.6
    31801    	83.7	79.6
    31861    	83.7	82.9
    31921    	83.7	79.6
    31981    	83.7	79.6
    32041    	83.7	79.6
    32101    	83.7	82.9
    32161    	83.7	79.6
    32221    	83.7	82.9
    32281    	83.7	82.9
    32341    	87.0	79.6
    32401    	83.7	79.6
    32461    	80.4	82.9
    32521    	83.7	82.9
    32581    	83.7	82.9
    32641    	83.7	82.9
    32701    	83.7	79.6
    32761    	83.7	82.9
    32821    	83.7	79.6
    32881    	83.7	82.9
    32941    	83.7	82.9
    33001    	87.0	82.9
    33061    	83.7	79.6
    33121    	83.7	82.9
    33181    	80.4	79.6
    33241    	83.7	82.9
    33301    	83.7	79.6
    33361    	83.7	79.6
    33421    	83.7	82.9
    33481    	83.7	79.6
    33541    	83.7	82.9
    33601    	83.7	79.6
    33661    	83.7	82.9
    33721    	83.7	82.9
    33781    	80.4	82.9
    33841    	83.7	82.9
    33901    	83.7	79.6
    33961    	83.7	82.9
    34021    	83.7	82.9
    34081    	83.7	82.9
    34141    	83.7	82.9
    34201    	83.7	82.9
    34261    	83.7	82.9
    34321    	83.7	82.9
    34381    	83.7	82.9
    34441    	80.4	82.9
    34501    	87.0	82.9
    34561    	83.7	82.9
    34621    	83.7	82.9
    34681    	83.7	82.9
    34741    	83.7	79.6
    34801    	83.7	82.9
    34861    	83.7	82.9
    34921    	83.7	79.6
    34981    	83.7	79.6
    35041    	83.7	79.6
    35101    	83.7	79.6
    35161    	83.7	79.6
    35221    	80.4	82.9
    35281    	83.7	82.9
    35341    	80.4	79.6
    35401    	83.7	82.9
    35461    	83.7	82.9
    35521    	83.7	79.6
    35581    	83.7	79.6
    35641    	83.7	82.9
    35701    	83.7	82.9
    35761    	83.7	82.9
    35821    	83.7	79.6
    35881    	83.7	82.9
    35941    	83.7	82.9
    36001    	87.0	79.6
    36061    	83.7	79.6
    36121    	83.7	79.6
    36181    	83.7	82.9
    36241    	83.7	82.9
    36301    	87.0	82.9
    36361    	83.7	79.6
    36421    	80.4	79.6
    36481    	83.7	79.6
    36541    	83.7	82.9
    36601    	83.7	79.6
    36661    	83.7	79.6
    36721    	83.7	79.6
    36781    	83.7	82.9
    36841    	83.7	79.6
    36901    	83.7	82.9
    36961    	83.7	79.6
    37021    	83.7	82.9
    37081    	87.0	79.6
    37141    	83.7	79.6
    37201    	83.7	79.6
    37261    	83.7	79.6
    37321    	80.4	79.6
    37381    	83.7	79.6
    37441    	83.7	79.6
    37501    	83.7	79.6
    37561    	83.7	79.6
    37621    	83.7	82.9
    37681    	83.7	79.6
    37741    	83.7	79.6
    37801    	83.7	82.9
    37861    	83.7	79.6
    37921    	80.4	79.6
    37981    	83.7	82.9
    38041    	83.7	79.6
    38101    	83.7	79.6
    38161    	83.7	79.6
    38221    	83.7	82.9
    38281    	83.7	79.6
    38341    	83.7	82.9
    38401    	83.7	82.9
    38461    	83.7	79.6
    38521    	83.7	82.9
    38581    	80.4	82.9
    38641    	80.4	82.9
    38701    	83.7	79.6
    38761    	83.7	82.9
    38821    	83.7	79.6
    38881    	83.7	82.9
    38941    	83.7	82.9
    39001    	80.4	82.9
    39061    	83.7	79.6
    39121    	83.7	79.6
    39181    	83.7	79.6
    39241    	83.7	82.9
    39301    	83.7	82.9
    39361    	83.7	82.9
    39421    	83.7	82.9
    39481    	83.7	82.9
    39541    	83.7	79.6
    39601    	83.7	82.9
    39661    	83.7	82.9
    39721    	83.7	82.9
    39781    	83.7	79.6
    39841    	83.7	79.6
    39901    	83.7	82.9
    39961    	83.7	82.9
    40021    	83.7	82.9
    40081    	83.7	82.9
    40141    	80.4	82.9
    40201    	83.7	82.9
    40261    	83.7	82.9
    40321    	83.7	79.6
    40381    	83.7	79.6
    40441    	83.7	79.6
    40501    	83.7	82.9
    40561    	83.7	79.6
    40621    	87.0	79.6
    40681    	83.7	79.6
    40741    	83.7	79.6
    40801    	83.7	82.9
    40861    	87.0	79.6
    40921    	83.7	79.6
    40981    	83.7	82.9
    41041    	83.7	79.6
    41101    	80.4	82.9
    41161    	83.7	79.6
    41221    	83.7	79.6
    41281    	83.7	79.6
    41341    	83.7	82.9
    41401    	83.7	79.6
    41461    	83.7	82.9
    41521    	83.7	79.6
    41581    	83.7	79.6
    41641    	83.7	79.6
    41701    	83.7	79.6
    41761    	80.4	79.6
    41821    	83.7	79.6
    41881    	83.7	82.9
    41941    	83.7	79.6
    42001    	83.7	79.6
    42061    	83.7	82.9
    42121    	80.4	79.6
    42181    	83.7	82.9
    42241    	83.7	82.9
    42301    	83.7	79.6
    42361    	83.7	82.9
    42421    	83.7	82.9
    42481    	83.7	82.9
    42541    	83.7	79.6
    42601    	83.7	79.6
    42661    	83.7	79.6
    42721    	83.7	79.6
    42781    	80.4	82.9
    42841    	83.7	82.9
    42901    	80.4	82.9
    42961    	80.4	79.6
    43021    	83.7	82.9
    43081    	83.7	82.9
    43141    	87.0	82.9
    43201    	83.7	82.9
    43261    	83.7	82.9
    43321    	83.7	82.9
    43381    	83.7	79.6
    43441    	83.7	82.9
    43501    	83.7	79.6
    43561    	83.7	82.9
    43621    	83.7	82.9
    43681    	83.7	82.9
    43741    	83.7	82.9
    43801    	83.7	82.9
    43861    	80.4	79.6
    43921    	83.7	79.6
    43981    	83.7	79.6
    44041    	80.4	79.6
    44101    	83.7	79.6
    44161    	83.7	79.6
    44221    	83.7	79.6
    44281    	83.7	82.9
    44341    	83.7	82.9
    44401    	83.7	79.6
    44461    	83.7	82.9
    44521    	83.7	79.6
    44581    	80.4	82.9
    44641    	83.7	82.9
    44701    	83.7	82.9
    44761    	83.7	79.6
    44821    	83.7	79.6
    44881    	83.7	82.9
    44941    	83.7	79.6
    45001    	83.7	79.6
    45061    	83.7	79.6
    45121    	83.7	79.6
    45181    	83.7	79.6
    45241    	83.7	79.6
    45301    	83.7	82.9
    45361    	83.7	82.9
    45421    	83.7	79.6
    45481    	83.7	79.6
    45541    	83.7	79.6
    45601    	80.4	79.6
    45661    	87.0	79.6
    45721    	83.7	82.9
    45781    	83.7	79.6
    45841    	83.7	79.6
    45901    	83.7	82.9
    45961    	80.4	79.6
    46021    	83.7	82.9
    46081    	83.7	82.9
    46141    	83.7	79.6
    46201    	83.7	79.6
    46261    	83.7	79.6
    46321    	83.7	82.9
    46381    	83.7	82.9
    46441    	83.7	79.6
    46501    	83.7	79.6
    46561    	80.4	79.6
    46621    	83.7	79.6
    46681    	83.7	79.6
    46741    	87.0	79.6
    46801    	83.7	82.9
    46861    	80.4	82.9
    46921    	83.7	82.9
    46981    	83.7	82.9
    47041    	83.7	79.6
    47101    	80.4	82.9
    47161    	83.7	82.9
    47221    	83.7	82.9
    47281    	83.7	79.6
    47341    	87.0	79.6
    47401    	83.7	82.9
    47461    	83.7	82.9
    47521    	83.7	82.9
    47581    	83.7	82.9
    47641    	83.7	82.9
    47701    	83.7	82.9
    47761    	83.7	82.9
    47821    	83.7	79.6
    47881    	83.7	82.9
    47941    	83.7	79.6
    48001    	87.0	82.9
    48061    	83.7	79.6
    48121    	83.7	82.9
    48181    	83.7	82.9
    48241    	83.7	82.9
    48301    	83.7	79.6
    48361    	83.7	79.6
    48421    	83.7	79.6
    48481    	83.7	79.6
    48541    	83.7	82.9
    48601    	83.7	79.6
    48661    	83.7	82.9
    48721    	83.7	82.9
    48781    	80.4	79.6
    48841    	83.7	79.6
    48901    	83.7	82.9
    48961    	80.4	82.9
    49021    	83.7	82.9
    49081    	83.7	82.9
    49141    	83.7	82.9
    49201    	83.7	79.6
    49261    	83.7	79.6
    49321    	83.7	82.9
    49381    	83.7	79.6
    49441    	80.4	79.6
    49501    	83.7	82.9
    49561    	83.7	82.9
    49621    	80.4	82.9
    49681    	83.7	79.6
    49741    	80.4	82.9
    49801    	83.7	82.9
    49861    	80.4	79.6
    49921    	83.7	82.9
    49981    	83.7	82.9
    50041    	80.4	79.6
    50101    	80.4	82.9
    50161    	83.7	82.9
    50221    	83.7	79.6
    50281    	83.7	82.9
    50341    	80.4	79.6
    50401    	83.7	82.9
    50461    	83.7	82.9
    50521    	83.7	79.6
    50581    	83.7	79.6
    50641    	83.7	79.6
    50701    	83.7	82.9
    50761    	83.7	82.9
    50821    	83.7	82.9
    50881    	83.7	82.9
    50941    	83.7	82.9
    51001    	83.7	82.9
    51061    	83.7	79.6
    51121    	83.7	79.6
    51181    	83.7	79.6
    51241    	83.7	82.9
    51301    	83.7	82.9
    51361    	83.7	82.9
    51421    	83.7	82.9
    51481    	87.0	82.9
    51541    	83.7	79.6
    51601    	83.7	82.9
    51661    	83.7	82.9
    51721    	83.7	82.9
    51781    	83.7	79.6
    51841    	83.7	82.9
    51901    	83.7	79.6
    51961    	87.0	79.6
    52021    	83.7	82.9
    52081    	83.7	82.9
    52141    	83.7	79.6
    52201    	83.7	79.6
    52261    	83.7	82.9
    52321    	83.7	82.9
    52381    	83.7	82.9
    52441    	83.7	82.9
    52501    	83.7	82.9
    52561    	83.7	82.9
    52621    	83.7	79.6
    52681    	83.7	82.9
    52741    	83.7	82.9
    52801    	83.7	79.6
    52861    	83.7	79.6
    52921    	83.7	82.9
    52981    	83.7	79.6
    53041    	87.0	79.6
    53101    	83.7	82.9
    53161    	83.7	82.9
    53221    	83.7	79.6
    53281    	83.7	79.6
    53341    	83.7	79.6
    53401    	83.7	82.9
    53461    	83.7	82.9
    53521    	83.7	82.9
    53581    	83.7	79.6
    53641    	83.7	82.9
    53701    	83.7	79.6
    53761    	83.7	82.9
    53821    	83.7	82.9
    53881    	83.7	82.9
    53941    	83.7	79.6
    54001    	83.7	82.9
    54061    	83.7	82.9
    54121    	83.7	79.6
    54181    	83.7	82.9
    54241    	83.7	82.9
    54301    	83.7	82.9
    54361    	83.7	82.9
    54421    	83.7	82.9
    54481    	83.7	82.9
    54541    	83.7	82.9
    54601    	87.0	82.9
    54661    	83.7	82.9
    54721    	83.7	79.6
    54781    	80.4	82.9
    54841    	83.7	82.9
    54901    	83.7	79.6
    54961    	83.7	82.9
    55021    	83.7	82.9
    55081    	83.7	82.9
    55141    	83.7	79.6
    55201    	80.4	79.6
    55261    	83.7	82.9
    55321    	87.0	79.6
    55381    	83.7	79.6
    55441    	83.7	82.9
    55501    	83.7	79.6
    55561    	87.0	79.6
    55621    	83.7	79.6
    55681    	80.4	82.9
    55741    	83.7	79.6
    55801    	83.7	82.9
    55861    	83.7	82.9
    55921    	83.7	79.6
    55981    	83.7	79.6
    56041    	80.4	82.9
    56101    	80.4	82.9
    56161    	83.7	82.9
    56221    	83.7	79.6
    56281    	83.7	82.9
    56341    	83.7	79.6
    56401    	83.7	82.9
    56461    	83.7	82.9
    56521    	83.7	79.6
    56581    	83.7	82.9
    56641    	83.7	79.6
    56701    	80.4	79.6
    56761    	80.4	79.6
    56821    	83.7	82.9
    56881    	83.7	82.9
    56941    	83.7	79.6
    57001    	87.0	79.6
    57061    	83.7	82.9
    57121    	83.7	79.6
    57181    	83.7	79.6
    57241    	83.7	79.6
    57301    	80.4	82.9
    57361    	83.7	82.9
    57421    	83.7	82.9
    57481    	83.7	82.9
    57541    	83.7	79.6
    57601    	83.7	82.9
    57661    	83.7	82.9
    57721    	83.7	79.6
    57781    	83.7	82.9
    57841    	83.7	82.9
    57901    	83.7	82.9
    57961    	83.7	79.6
    58021    	83.7	82.9
    58081    	83.7	79.6
    58141    	83.7	82.9
    58201    	83.7	79.6
    58261    	83.7	79.6
    58321    	83.7	82.9
    58381    	87.0	82.9
    58441    	83.7	82.9
    58501    	83.7	82.9
    58561    	83.7	82.9
    58621    	83.7	82.9
    58681    	83.7	79.6
    58741    	83.7	82.9
    58801    	83.7	82.9
    58861    	83.7	79.6
    58921    	83.7	82.9
    58981    	83.7	82.9
    59041    	83.7	82.9
    59101    	83.7	82.9
    59161    	83.7	82.9
    59221    	87.0	82.9
    59281    	83.7	82.9
    59341    	83.7	79.6
    59401    	83.7	82.9
    59461    	83.7	79.6
    59521    	87.0	82.9
    59581    	87.0	79.6
    59641    	83.7	82.9
    59701    	83.7	79.6
    59761    	83.7	82.9
    59821    	83.7	82.9
    59881    	83.7	82.9
    59941    	83.7	79.6
    60001    	83.7	82.9
    60061    	83.7	82.9
    60121    	83.7	82.9
    60181    	83.7	79.6
    60241    	83.7	82.9
    60301    	83.7	82.9
    60361    	83.7	82.9
    60421    	83.7	82.9
    60481    	83.7	82.9
    60541    	87.0	82.9
    60601    	83.7	79.6
    60661    	83.7	82.9
    60721    	83.7	82.9
    60781    	83.7	79.6
    60841    	87.0	82.9
    60901    	83.7	82.9
    60961    	83.7	79.6
    61021    	83.7	79.6
    61081    	87.0	82.9
    61141    	83.7	82.9
    61201    	87.0	82.9
    61261    	80.4	82.9
    61321    	83.7	82.9
    61381    	87.0	79.6
    61441    	83.7	82.9
    61501    	80.4	82.9
    61561    	83.7	79.6
    61621    	83.7	82.9
    61681    	83.7	79.6
    61741    	83.7	79.6
    61801    	83.7	82.9
    61861    	83.7	79.6
    61921    	83.7	82.9
    61981    	83.7	82.9
    62041    	83.7	79.6
    62101    	83.7	79.6
    62161    	83.7	82.9
    62221    	80.4	79.6
    62281    	80.4	82.9
    62341    	83.7	82.9
    62401    	80.4	79.6
    62461    	83.7	79.6
    62521    	83.7	82.9
    62581    	80.4	82.9
    62641    	83.7	82.9
    62701    	83.7	79.6
    62761    	83.7	79.6
    62821    	83.7	82.9
    62881    	83.7	82.9
    62941    	87.0	82.9
    63001    	83.7	82.9
    63061    	83.7	79.6
    63121    	83.7	82.9
    63181    	83.7	79.6
    63241    	83.7	82.9
    63301    	87.0	82.9
    63361    	80.4	82.9
    63421    	83.7	79.6
    63481    	83.7	82.9
    63541    	83.7	79.6
    63601    	83.7	79.6
    63661    	83.7	82.9
    63721    	83.7	82.9
    63781    	83.7	82.9
    63841    	83.7	82.9
    63901    	83.7	82.9
    63961    	83.7	82.9
    64021    	83.7	79.6
    64081    	83.7	79.6
    64141    	83.7	79.6
    64201    	83.7	82.9
    64261    	83.7	82.9
    64321    	83.7	82.9
    64381    	83.7	82.9
    64441    	83.7	82.9
    64501    	83.7	82.9
    64561    	83.7	82.9
    64621    	83.7	82.9
    64681    	83.7	82.9
    64741    	83.7	86.2
    64801    	83.7	82.9
    64861    	83.7	79.6
    64921    	83.7	82.9
    64981    	87.0	82.9
    65041    	83.7	79.6
    65101    	83.7	79.6
    65161    	83.7	82.9
    65221    	83.7	79.6
    65281    	80.4	82.9
    65341    	83.7	82.9
    65401    	87.0	79.6
    65461    	83.7	82.9
    65521    	83.7	79.6
    65581    	83.7	82.9
    65641    	83.7	82.9
    65701    	83.7	82.9
    65761    	83.7	79.6
    65821    	83.7	79.6
    65881    	83.7	82.9
    65941    	83.7	79.6
    66001    	87.0	82.9
    66061    	83.7	79.6
    66121    	83.7	82.9
    66182    	83.7	82.9
    66242    	80.4	79.6
    66302    	83.7	79.6
    66362    	83.7	79.6
    66422    	83.7	79.6
    66482    	83.7	82.9
    66542    	83.7	82.9
    66602    	83.7	79.6
    66662    	83.7	82.9
    66722    	83.7	82.9
    66782    	83.7	79.6
    66842    	83.7	82.9
    66902    	87.0	82.9
    66962    	83.7	82.9
    67022    	83.7	79.6
    67082    	83.7	82.9
    67142    	83.7	82.9
    67202    	83.7	79.6
    67262    	83.7	82.9
    67322    	83.7	82.9
    67382    	80.4	82.9
    67442    	83.7	82.9
    67502    	83.7	82.9
    67562    	87.0	82.9
    67622    	80.4	79.6
    67682    	83.7	82.9
    67742    	83.7	82.9
    67802    	83.7	82.9
    67862    	83.7	82.9
    67922    	83.7	79.6
    67982    	83.7	82.9
    68042    	83.7	79.6
    68102    	83.7	86.2
    68162    	83.7	79.6
    68222    	83.7	82.9
    68282    	83.7	79.6
    68342    	83.7	82.9
    68402    	83.7	79.6
    68462    	83.7	82.9
    68522    	87.0	82.9
    68582    	83.7	82.9
    68642    	87.0	82.9
    68702    	83.7	82.9
    68762    	83.7	79.6
    68822    	83.7	82.9
    68882    	83.7	79.6
    68942    	83.7	82.9
    69002    	83.7	82.9
    69062    	83.7	82.9
    69122    	87.0	82.9
    69182    	90.2	79.6
    69242    	90.2	79.6
    69302    	90.2	82.9
    69362    	87.0	82.9
    69422    	90.2	82.9
    69482    	83.7	79.6
    69542    	83.7	79.6
    69602    	87.0	82.9
    69662    	87.0	82.9
    69722    	83.7	82.9
    69782    	83.7	79.6
    69842    	87.0	79.6
    69902    	83.7	79.6
    69962    	83.7	82.9
    70022    	87.0	82.9
    70082    	83.7	79.6
    70142    	83.7	82.9
    70202    	83.7	82.9
    70262    	83.7	82.9
    70322    	87.0	79.6
    70382    	83.7	82.9
    70442    	83.7	82.9
    70502    	83.7	82.9
    70562    	87.0	79.6
    70622    	83.7	79.6
    70682    	83.7	82.9
    70742    	83.7	79.6
    70802    	83.7	79.6
    70862    	80.4	79.6
    70922    	83.7	82.9
    70982    	83.7	79.6
    71042    	83.7	79.6
    71102    	87.0	79.6
    71162    	83.7	79.6
    71222    	83.7	82.9
    71282    	83.7	79.6
    71342    	83.7	79.6
    71402    	83.7	82.9
    71462    	87.0	79.6
    71522    	83.7	79.6
    71582    	83.7	82.9
    71642    	83.7	82.9
    71702    	83.7	79.6
    71762    	83.7	79.6
    71822    	83.7	82.9
    71882    	80.4	82.9
    71942    	83.7	82.9
    72002    	83.7	79.6
    72062    	83.7	79.6
    72122    	83.7	79.6
    72182    	83.7	82.9
    72242    	83.7	79.6
    72302    	83.7	79.6
    72362    	83.7	79.6
    72422    	80.4	79.6
    72482    	83.7	79.6
    72542    	83.7	79.6
    72602    	80.4	79.6
    72662    	80.4	79.6
    72722    	83.7	79.6
    72782    	83.7	79.6
    72842    	83.7	79.6
    72902    	80.4	79.6
    72962    	80.4	79.6
    73022    	83.7	79.6
    73082    	83.7	79.6
    73142    	80.4	82.9
    73202    	83.7	82.9
    73262    	80.4	79.6
    73322    	80.4	79.6
    73382    	83.7	79.6
    73442    	83.7	79.6
    73502    	83.7	82.9
    73562    	83.7	82.9
    73622    	83.7	79.6
    73682    	80.4	79.6
    73742    	83.7	79.6
    73802    	80.4	79.6
    73862    	83.7	82.9
    73922    	83.7	76.4
    73982    	83.7	79.6
    74042    	83.7	82.9
    74102    	83.7	79.6
    74162    	83.7	82.9
    74222    	83.7	82.9
    74282    	83.7	82.9
    74342    	83.7	79.6
    74402    	80.4	82.9
    74462    	80.4	79.6
    74522    	83.7	79.6
    74582    	83.7	79.6
    74642    	80.4	82.9
    74702    	83.7	79.6
    74762    	83.7	79.6
    74822    	83.7	79.6
    74882    	83.7	82.9
    74942    	83.7	79.6
    75002    	80.4	79.6
    75062    	80.4	79.6
    75122    	83.7	79.6
    75182    	83.7	79.6
    75242    	83.7	82.9
    75302    	80.4	79.6
    75362    	83.7	79.6
    75422    	87.0	79.6
    75482    	83.7	82.9
    75542    	83.7	82.9
    75602    	80.4	82.9
    75662    	83.7	79.6
    75722    	83.7	82.9
    75782    	83.7	79.6
    75842    	83.7	79.6
    75902    	83.7	79.6
    75962    	83.7	79.6
    76022    	83.7	79.6
    76082    	83.7	79.6
    76142    	83.7	79.6
    76202    	83.7	79.6
    76262    	80.4	79.6
    76322    	83.7	79.6
    76382    	83.7	79.6
    76442    	83.7	82.9
    76502    	83.7	79.6
    76562    	83.7	79.6
    76622    	83.7	79.6
    76682    	83.7	79.6
    76742    	80.4	82.9
    76802    	83.7	79.6
    76862    	83.7	82.9
    76922    	80.4	82.9
    76982    	83.7	79.6
    77042    	83.7	82.9
    77102    	83.7	82.9
    77162    	83.7	82.9
    77222    	87.0	79.6
    77282    	83.7	82.9
    77342    	83.7	82.9
    77402    	83.7	79.6
    77462    	83.7	82.9
    77522    	83.7	79.6
    77582    	87.0	82.9
    77642    	83.7	79.6
    77702    	83.7	79.6
    77762    	83.7	82.9
    77822    	83.7	82.9
    77882    	83.7	82.9
    77942    	83.7	82.9
    78002    	80.4	79.6
    78062    	83.7	79.6
    78122    	83.7	82.9
    78182    	83.7	82.9
    78242    	83.7	79.6
    78302    	87.0	79.6
    78362    	83.7	82.9
    78422    	87.0	79.6
    78482    	83.7	79.6
    78542    	83.7	79.6
    78602    	87.0	82.9
    78662    	83.7	76.4
    78722    	80.4	82.9
    78782    	83.7	79.6
    78842    	83.7	82.9
    78902    	83.7	82.9
    78962    	83.7	79.6
    79022    	83.7	82.9
    79082    	87.0	79.6
    79142    	83.7	82.9
    79202    	83.7	82.9
    79262    	83.7	82.9
    79322    	83.7	82.9
    79382    	80.4	79.6
    79442    	83.7	79.6
    79502    	83.7	82.9
    79562    	83.7	82.9
    79622    	83.7	79.6
    79682    	83.7	82.9
    79742    	83.7	82.9
    79802    	83.7	82.9
    79862    	80.4	79.6
    79922    	83.7	82.9
    79982    	83.7	79.6
    80042    	83.7	82.9
    80102    	83.7	79.6
    80162    	83.7	79.6
    80222    	83.7	79.6
    80282    	80.4	79.6
    80342    	83.7	82.9
    80402    	83.7	79.6
    80462    	83.7	79.6
    80522    	80.4	79.6
    80582    	83.7	82.9
    80642    	83.7	82.9
    80702    	87.0	82.9
    80762    	83.7	82.9
    80822    	83.7	82.9
    80882    	83.7	79.6
    80942    	83.7	82.9
    81002    	83.7	82.9
    81062    	83.7	82.9
    81122    	80.4	82.9
    81182    	83.7	79.6
    81242    	80.4	82.9
    81302    	83.7	82.9
    81362    	83.7	79.6
    81422    	83.7	79.6
    81482    	83.7	79.6
    81542    	80.4	82.9
    81602    	83.7	82.9
    81662    	83.7	79.6
    81722    	83.7	82.9
    81782    	80.4	79.6
    81842    	83.7	79.6
    81902    	87.0	79.6
    81962    	83.7	79.6
    82022    	80.4	82.9
    82082    	83.7	82.9
    82142    	83.7	82.9
    82202    	83.7	82.9
    82262    	83.7	82.9
    82322    	83.7	79.6
    82382    	83.7	79.6
    82442    	83.7	79.6
    82502    	83.7	79.6
    82562    	83.7	79.6
    82622    	83.7	82.9
    82682    	83.7	79.6
    82742    	83.7	79.6
    82802    	83.7	79.6
    82862    	83.7	79.6
    82922    	83.7	79.6
    82982    	83.7	79.6
    83042    	83.7	79.6
    83102    	80.4	79.6
    83162    	83.7	82.9
    83222    	83.7	79.6
    83282    	83.7	79.6
    83342    	83.7	79.6
    83402    	83.7	79.6
    83462    	80.4	82.9
    83522    	80.4	79.6
    83582    	83.7	82.9
    83642    	83.7	82.9
    83702    	83.7	82.9
    83762    	80.4	79.6
    83822    	83.7	82.9
    83882    	83.7	82.9
    83942    	83.7	79.6
    84002    	80.4	82.9
    84062    	83.7	79.6
    84122    	83.7	79.6
    84182    	80.4	82.9
    84242    	83.7	79.6
    84302    	83.7	82.9
    84362    	83.7	82.9
    84422    	83.7	82.9
    84482    	83.7	79.6
    84542    	83.7	82.9
    84602    	87.0	79.6
    84662    	87.0	82.9
    84722    	80.4	82.9
    84782    	80.4	79.6
    84842    	83.7	82.9
    84902    	83.7	79.6
    84962    	83.7	82.9
    85022    	83.7	79.6
    85082    	83.7	79.6
    85142    	83.7	79.6
    85202    	80.4	79.6
    85262    	83.7	79.6
    85322    	80.4	79.6
    85382    	83.7	79.6
    85442    	83.7	79.6
    85502    	83.7	79.6
    85562    	80.4	79.6
    85622    	83.7	79.6
    85682    	87.0	82.9
    85742    	83.7	82.9
    85802    	83.7	82.9
    85862    	87.0	79.6
    85922    	87.0	79.6
    85982    	83.7	79.6
    86042    	83.7	82.9
    86102    	83.7	79.6
    86162    	83.7	76.4
    86222    	83.7	82.9
    86282    	83.7	79.6
    86342    	83.7	79.6
    86402    	83.7	79.6
    86462    	80.4	82.9
    86522    	83.7	82.9
    86582    	83.7	82.9
    86642    	83.7	79.6
    86702    	87.0	79.6
    86762    	83.7	82.9
    86822    	83.7	82.9
    86882    	83.7	82.9
    86942    	83.7	82.9
    87002    	80.4	82.9
    87062    	83.7	79.6
    87122    	83.7	79.6
    87182    	83.7	79.6
    87242    	83.7	79.6
    87302    	87.0	79.6
    87362    	83.7	79.6
    87422    	87.0	79.6
    87482    	83.7	82.9
    87542    	83.7	82.9
    87602    	83.7	79.6
    87662    	83.7	82.9
    87722    	80.4	82.9
    87782    	83.7	82.9
    87842    	83.7	82.9
    87902    	83.7	82.9
    87962    	83.7	79.6
    88022    	83.7	82.9
    88082    	83.7	79.6
    88142    	80.4	82.9
    88202    	80.4	79.6
    88262    	83.7	82.9
    88322    	83.7	79.6
    88382    	80.4	79.6
    88442    	83.7	82.9
    88502    	83.7	82.9
    88562    	80.4	79.6
    88622    	83.7	82.9
    88682    	83.7	79.6
    88742    	83.7	82.9
    88802    	83.7	79.6
    88862    	83.7	79.6
    88922    	83.7	79.6
    88982    	83.7	79.6
    89042    	83.7	82.9
    89102    	83.7	79.6
    89162    	83.7	79.6
    89222    	80.4	79.6
    89282    	83.7	79.6
    89342    	83.7	82.9
    89402    	83.7	79.6
    89462    	83.7	82.9
    89522    	80.4	79.6
    89582    	83.7	82.9
    89642    	83.7	82.9
    89702    	83.7	79.6
    89762    	83.7	82.9
    89822    	87.0	79.6
    89882    	83.7	79.6
    89942    	83.7	82.9
    90002    	83.7	82.9
    90062    	83.7	82.9
    90122    	80.4	82.9
    90182    	87.0	79.6
    90242    	83.7	82.9
    90302    	83.7	82.9
    90362    	83.7	82.9
    90422    	83.7	82.9
    90482    	83.7	79.6
    90542    	83.7	79.6
    90602    	80.4	79.6
    90662    	83.7	79.6
    90722    	83.7	79.6
    90782    	83.7	79.6
    90842    	83.7	82.9
    90902    	80.4	79.6
    90962    	80.4	79.6
    91022    	87.0	82.9
    91082    	83.7	82.9
    91142    	83.7	82.9
    91202    	83.7	82.9
    91262    	83.7	79.6
    91322    	83.7	82.9
    91382    	87.0	79.6
    91442    	83.7	79.6
    91502    	83.7	82.9
    91562    	83.7	82.9
    91622    	83.7	82.9
    91682    	83.7	79.6
    91742    	83.7	79.6
    91802    	83.7	82.9
    91862    	83.7	79.6
    91922    	83.7	82.9
    91982    	80.4	82.9
    92042    	83.7	79.6
    92102    	83.7	79.6
    92162    	83.7	79.6
    92222    	80.4	82.9
    92282    	83.7	82.9
    92342    	83.7	79.6
    92402    	83.7	79.6
    92462    	83.7	82.9
    92522    	83.7	82.9
    92582    	83.7	79.6
    92642    	83.7	79.6
    92702    	83.7	82.9
    92762    	83.7	79.6
    92822    	80.4	82.9
    92882    	83.7	79.6
    92942    	83.7	82.9
    93002    	83.7	79.6
    93062    	83.7	79.6
    93122    	80.4	82.9
    93182    	83.7	79.6
    93242    	83.7	79.6
    93302    	80.4	79.6
    93362    	83.7	79.6
    93422    	83.7	82.9
    93482    	83.7	79.6
    93542    	80.4	82.9
    93602    	83.7	79.6
    93662    	80.4	82.9
    93722    	83.7	82.9
    93782    	83.7	82.9
    93842    	87.0	79.6
    93902    	83.7	79.6
    93962    	83.7	79.6
    94022    	83.7	82.9
    94082    	83.7	82.9
    94142    	83.7	79.6
    94202    	83.7	82.9
    94262    	83.7	82.9
    94322    	83.7	82.9
    94382    	83.7	82.9
    94442    	83.7	82.9
    94502    	83.7	82.9
    94562    	83.7	79.6
    94622    	83.7	76.4
    94682    	83.7	82.9
    94742    	83.7	79.6
    94802    	83.7	82.9
    94862    	83.7	79.6
    94922    	83.7	82.9
    94982    	83.7	79.6
    95042    	83.7	82.9
    95102    	80.4	79.6
    95162    	83.7	79.6
    95222    	83.7	79.6
    95282    	83.7	79.6
    95342    	83.7	82.9
    95402    	83.7	82.9
    95462    	83.7	79.6
    95522    	83.7	79.6
    95582    	83.7	82.9
    95642    	83.7	82.9
    95702    	83.7	82.9
    95762    	83.7	79.6
    95822    	83.7	79.6
    95882    	83.7	79.6
    95942    	83.7	79.6
    96002    	83.7	82.9
    96062    	83.7	82.9
    96122    	83.7	79.6
    96182    	83.7	82.9
    96242    	80.4	79.6
    96302    	80.4	82.9
    96362    	83.7	79.6
    96422    	83.7	79.6
    96482    	83.7	79.6
    96542    	83.7	79.6
    96602    	83.7	79.6
    96662    	83.7	79.6
    96722    	87.0	79.6
    96782    	80.4	79.6
    96842    	83.7	82.9
    96902    	80.4	82.9
    96962    	83.7	79.6
    97022    	83.7	79.6
    97082    	83.7	79.6
    97142    	83.7	82.9
    97202    	83.7	82.9
    97262    	83.7	79.6
    97322    	83.7	79.6
    97382    	83.7	79.6
    97442    	80.4	82.9
    97502    	83.7	82.9
    97562    	83.7	82.9
    97622    	83.7	79.6
    97682    	83.7	79.6
    97742    	83.7	82.9
    97802    	80.4	79.6
    97862    	83.7	79.6
    97922    	83.7	79.6
    97982    	83.7	82.9
    98042    	83.7	82.9
    98102    	80.4	79.6
    98162    	83.7	79.6
    98222    	83.7	79.6
    98282    	80.4	79.6
    98342    	83.7	82.9
    98402    	83.7	82.9
    98462    	83.7	79.6
    98522    	83.7	79.6
    98582    	83.7	82.9
    98642    	83.7	79.6
    98702    	83.7	82.9
    98762    	80.4	79.6
    98822    	83.7	82.9
    98882    	83.7	79.6
    98942    	83.7	79.6
    99002    	83.7	79.6
    99062    	83.7	79.6
    99122    	83.7	79.6
    99182    	83.7	79.6
    99242    	80.4	82.9
    99302    	83.7	82.9
    99362    	83.7	79.6
    99422    	83.7	82.9
    99482    	83.7	79.6
    99542    	83.7	82.9
    99602    	83.7	79.6
    99662    	83.7	82.9
    99722    	83.7	79.6
    99782    	83.7	82.9
    99842    	80.4	82.9
    99902    	83.7	82.9
    99962    	83.7	82.9
   100022    	80.4	79.6
   100082    	83.7	79.6
   100142    	83.7	82.9
   100202    	83.7	79.6
   100262    	80.4	82.9
   100322    	83.7	82.9
   100382    	83.7	82.9
   100442    	83.7	82.9
   100502    	80.4	79.6
   100562    	87.0	82.9
   100622    	83.7	79.6
   100682    	80.4	79.6
   100742    	83.7	79.6
   100802    	83.7	79.6
   100862    	83.7	82.9
   100922    	83.7	79.6
   100982    	83.7	79.6
   101042    	83.7	82.9
   101102    	83.7	79.6
   101162    	83.7	79.6
   101222    	83.7	82.9
   101282    	83.7	82.9
   101342    	83.7	82.9
   101402    	83.7	82.9
   101462    	83.7	79.6
   101522    	83.7	79.6
   101582    	83.7	79.6
   101642    	80.4	82.9
   101702    	83.7	79.6
   101762    	83.7	79.6
   101822    	80.4	82.9
   101882    	83.7	79.6
   101942    	83.7	79.6
   102002    	87.0	82.9
   102062    	83.7	79.6
   102122    	83.7	79.6
   102182    	83.7	79.6
   102242    	83.7	79.6
   102302    	83.7	79.6
   102362    	83.7	79.6
   102422    	83.7	82.9
   102482    	83.7	82.9
   102542    	83.7	82.9
   102602    	83.7	82.9
   102662    	87.0	79.6
   102722    	83.7	82.9
   102782    	83.7	82.9
   102842    	80.4	79.6
   102902    	83.7	82.9
   102962    	83.7	82.9
   103022    	83.7	82.9
   103082    	83.7	79.6
   103142    	83.7	79.6
   103202    	80.4	79.6
   103262    	83.7	82.9
   103322    	83.7	82.9
   103382    	83.7	79.6
   103442    	80.4	79.6
   103502    	80.4	82.9
   103562    	80.4	79.6
   103622    	83.7	82.9
   103682    	83.7	82.9
   103742    	83.7	79.6
   103802    	83.7	79.6
   103862    	83.7	79.6
   103922    	83.7	82.9
   103982    	80.4	82.9
   104042    	83.7	79.6
   104102    	83.7	79.6
   104162    	83.7	79.6
   104222    	83.7	79.6
   104282    	80.4	82.9
   104342    	80.4	82.9
   104402    	83.7	79.6
   104462    	83.7	79.6
   104522    	83.7	79.6
   104582    	83.7	79.6
   104642    	83.7	82.9
   104702    	83.7	79.6
   104762    	83.7	82.9
   104822    	80.4	79.6
   104882    	83.7	82.9
   104942    	83.7	79.6
   105002    	83.7	82.9
   105062    	83.7	82.9
   105122    	83.7	79.6
   105182    	83.7	79.6
   105242    	83.7	82.9
   105302    	83.7	82.9
   105363    	83.7	82.9
   105423    	83.7	82.9
   105483    	83.7	82.9
   105543    	83.7	82.9
   105603    	83.7	82.9
   105663    	87.0	82.9
   105723    	83.7	79.6
   105783    	83.7	82.9
   105843    	87.0	82.9
   105903    	83.7	79.6
   105963    	83.7	79.6
   106023    	83.7	79.6
   106083    	83.7	82.9
   106143    	83.7	82.9
   106203    	83.7	79.6
   106263    	80.4	82.9
   106323    	83.7	82.9
   106383    	83.7	79.6
   106443    	83.7	82.9
   106503    	83.7	82.9
   106563    	83.7	82.9
   106623    	80.4	82.9
   106683    	83.7	82.9
   106743    	80.4	79.6
   106803    	83.7	82.9
   106863    	83.7	79.6
   106923    	83.7	79.6
   106983    	83.7	79.6
   107043    	83.7	82.9
   107103    	83.7	79.6
   107163    	83.7	82.9
   107223    	83.7	79.6
   107283    	83.7	82.9
   107343    	83.7	79.6
   107403    	83.7	82.9
   107463    	87.0	79.6
   107523    	83.7	82.9
   107583    	83.7	82.9
   107643    	83.7	79.6
   107703    	80.4	79.6
   107763    	87.0	82.9
   107823    	83.7	82.9
   107883    	83.7	79.6
   107943    	80.4	82.9
   108003    	83.7	79.6
   108063    	80.4	76.4
   108123    	83.7	82.9
   108183    	87.0	79.6
   108243    	80.4	79.6
   108303    	87.0	82.9
   108363    	83.7	79.6
   108423    	83.7	82.9
   108483    	83.7	76.4
   108543    	83.7	82.9
   108603    	83.7	82.9
   108663    	83.7	82.9
   108723    	87.0	79.6
   108783    	83.7	82.9
   108843    	83.7	79.6
   108903    	83.7	79.6
   108963    	80.4	79.6
   109023    	83.7	79.6
   109083    	83.7	79.6
   109143    	87.0	82.9
   109203    	83.7	82.9
   109263    	83.7	79.6
   109323    	87.0	79.6
   109383    	83.7	82.9
