---------------------------------------------------
  Seconds     D4       G7    
---------------------------------------------------
        0    	80.4	79.6
       60    	83.7	79.6
      120    	83.7	79.6
      180    	80.4	76.4
      240    	80.4	82.9
      300    	80.4	76.4
      360    	83.7	76.4
      420    	83.7	79.6
      480    	83.7	76.4
      540    	80.4	76.4
      600    	83.7	76.4
      660    	80.4	76.4
      720    	80.4	79.6
      780    	83.7	76.4
      840    	80.4	76.4
      900    	80.4	76.4
      960    	83.7	79.6
     1020    	80.4	79.6
     1080    	80.4	76.4
     1140    	80.4	79.6
     1200    	80.4	76.4
     1260    	83.7	79.6
     1320    	83.7	76.4
     1380    	80.4	79.6
     1440    	83.7	79.6
     1500    	80.4	79.6
     1560    	80.4	79.6
     1620    	80.4	79.6
     1680    	83.7	79.6
     1740    	83.7	79.6
     1800    	83.7	79.6
     1860    	83.7	76.4
     1920    	83.7	79.6
     1980    	83.7	76.4
     2040    	83.7	79.6
     2100    	83.7	79.6
     2160    	80.4	79.6
     2220    	80.4	79.6
     2280    	83.7	76.4
     2340    	80.4	79.6
     2400    	80.4	76.4
     2460    	80.4	79.6
     2520    	80.4	76.4
     2580    	83.7	79.6
     2640    	80.4	79.6
     2700    	80.4	76.4
     2760    	83.7	76.4
     2820    	83.7	79.6
     2880    	83.7	82.9
     2940    	80.4	79.6
     3000    	80.4	79.6
     3060    	83.7	79.6
     3120    	80.4	76.4
     3180    	80.4	76.4
     3240    	80.4	76.4
     3300    	80.4	79.6
     3360    	80.4	79.6
     3420    	80.4	76.4
     3480    	80.4	79.6
     3540    	80.4	76.4
     3600    	83.7	76.4
     3660    	83.7	79.6
     3720    	80.4	76.4
     3780    	80.4	79.6
     3840    	80.4	76.4
     3900    	83.7	79.6
     3960    	80.4	79.6
     4020    	80.4	76.4
     4080    	83.7	79.6
     4140    	80.4	76.4
     4200    	83.7	79.6
     4260    	80.4	76.4
     4320    	83.7	79.6
     4380    	83.7	76.4
     4440    	80.4	79.6
     4500    	80.4	79.6
     4560    	80.4	79.6
     4620    	80.4	76.4
     4680    	83.7	76.4
     4740    	80.4	76.4
     4800    	80.4	79.6
     4860    	83.7	79.6
     4920    	80.4	79.6
     4980    	80.4	76.4
     5040    	83.7	76.4
     5100    	80.4	76.4
     5160    	80.4	76.4
     5220    	80.4	79.6
     5280    	83.7	76.4
     5340    	80.4	79.6
     5400    	83.7	79.6
     5460    	80.4	79.6
     5520    	80.4	76.4
     5580    	80.4	79.6
     5640    	80.4	76.4
     5700    	80.4	76.4
     5760    	83.7	76.4
     5820    	83.7	76.4
     5880    	80.4	79.6
     5940    	83.7	76.4
     6000    	80.4	79.6
     6060    	83.7	76.4
     6120    	83.7	76.4
     6180    	80.4	79.6
     6240    	80.4	76.4
     6300    	80.4	76.4
     6360    	80.4	79.6
     6420    	83.7	76.4
     6480    	80.4	76.4
     6540    	80.4	76.4
     6600    	80.4	76.4
     6660    	80.4	79.6
     6720    	83.7	76.4
     6780    	80.4	76.4
     6840    	80.4	76.4
     6900    	80.4	79.6
     6960    	83.7	79.6
     7020    	80.4	76.4
     7080    	80.4	79.6
     7140    	80.4	79.6
     7200    	80.4	79.6
     7260    	80.4	76.4
     7320    	77.1	79.6
     7380    	83.7	76.4
     7440    	83.7	79.6
     7500    	80.4	76.4
     7560    	83.7	76.4
     7620    	83.7	79.6
     7680    	80.4	79.6
     7740    	83.7	76.4
     7800    	80.4	76.4
     7860    	80.4	76.4
     7920    	83.7	79.6
     7980    	80.4	76.4
     8040    	83.7	79.6
     8100    	83.7	79.6
     8160    	83.7	79.6
     8220    	80.4	76.4
     8280    	80.4	76.4
     8340    	80.4	76.4
     8400    	83.7	76.4
     8460    	83.7	76.4
     8520    	80.4	79.6
     8580    	83.7	79.6
     8640    	80.4	79.6
     8700    	83.7	79.6
     8760    	83.7	79.6
     8820    	80.4	79.6
     8880    	80.4	79.6
     8940    	80.4	79.6
     9000    	83.7	79.6
     9060    	80.4	79.6
     9120    	83.7	79.6
     9180    	83.7	79.6
     9240    	80.4	76.4
     9300    	83.7	76.4
     9360    	83.7	76.4
     9420    	83.7	79.6
     9480    	80.4	76.4
     9540    	83.7	82.9
     9600    	83.7	76.4
     9660    	83.7	79.6
     9720    	80.4	76.4
     9780    	83.7	76.4
     9840    	83.7	76.4
     9900    	83.7	76.4
     9960    	83.7	79.6
    10020    	80.4	79.6
    10080    	83.7	79.6
    10140    	83.7	79.6
    10200    	80.4	76.4
    10260    	83.7	79.6
    10320    	80.4	79.6
    10380    	80.4	76.4
    10440    	83.7	76.4
    10500    	83.7	79.6
    10560    	83.7	79.6
    10620    	80.4	76.4
    10680    	83.7	76.4
    10740    	83.7	79.6
    10800    	80.4	82.9
    10860    	80.4	79.6
    10920    	80.4	79.6
    10980    	83.7	79.6
    11040    	80.4	76.4
    11100    	80.4	79.6
    11160    	83.7	76.4
    11220    	83.7	79.6
    11280    	80.4	76.4
    11340    	80.4	76.4
    11400    	83.7	79.6
    11460    	80.4	76.4
    11520    	80.4	79.6
    11580    	83.7	76.4
    11640    	83.7	79.6
    11700    	80.4	76.4
    11760    	80.4	76.4
    11820    	80.4	79.6
    11880    	80.4	79.6
    11940    	83.7	79.6
    12000    	80.4	76.4
    12060    	80.4	79.6
    12120    	83.7	79.6
    12180    	83.7	79.6
    12240    	83.7	76.4
    12300    	83.7	79.6
    12360    	80.4	79.6
    12420    	80.4	79.6
    12480    	80.4	76.4
    12540    	83.7	79.6
    12600    	80.4	76.4
    12660    	83.7	76.4
    12720    	80.4	79.6
    12780    	83.7	79.6
    12840    	83.7	79.6
    12900    	83.7	76.4
    12960    	83.7	79.6
    13020    	80.4	76.4
    13080    	80.4	76.4
    13140    	80.4	76.4
    13200    	83.7	79.6
    13260    	80.4	79.6
    13320    	83.7	79.6
    13380    	80.4	79.6
    13440    	83.7	79.6
    13500    	83.7	79.6
    13560    	83.7	82.9
    13620    	80.4	79.6
    13680    	80.4	79.6
    13740    	83.7	79.6
    13800    	83.7	76.4
    13860    	83.7	79.6
    13920    	80.4	76.4
    13980    	80.4	79.6
    14040    	83.7	79.6
    14100    	83.7	79.6
    14160    	83.7	79.6
    14220    	83.7	79.6
    14280    	83.7	76.4
    14340    	83.7	79.6
    14400    	83.7	79.6
    14460    	83.7	79.6
    14520    	83.7	79.6
    14580    	83.7	79.6
    14640    	83.7	79.6
    14700    	83.7	79.6
    14760    	80.4	79.6
    14820    	83.7	79.6
    14880    	83.7	79.6
    14940    	83.7	79.6
    15000    	83.7	76.4
    15060    	83.7	79.6
    15120    	83.7	79.6
    15180    	83.7	76.4
    15240    	80.4	76.4
    15300    	83.7	76.4
    15360    	83.7	79.6
    15420    	80.4	76.4
    15480    	80.4	79.6
    15540    	80.4	76.4
    15600    	80.4	79.6
    15660    	83.7	79.6
    15720    	80.4	79.6
    15780    	83.7	79.6
    15840    	80.4	76.4
    15900    	83.7	79.6
    15960    	83.7	76.4
    16020    	83.7	79.6
    16080    	80.4	79.6
    16140    	80.4	79.6
    16200    	80.4	79.6
    16260    	83.7	76.4
    16320    	83.7	76.4
    16380    	83.7	79.6
    16440    	80.4	79.6
    16500    	83.7	79.6
    16560    	83.7	79.6
    16620    	83.7	76.4
    16680    	80.4	76.4
    16740    	80.4	79.6
    16800    	83.7	79.6
    16860    	83.7	76.4
