---------------------------------------------------
  Seconds     D4       G7    
---------------------------------------------------
        0    	83.7	79.6
       60    	80.4	79.6
      120    	80.4	79.6
      180    	83.7	79.6
      240    	80.4	76.4
      300    	83.7	76.4
      360    	83.7	79.6
      420    	83.7	76.4
      480    	83.7	79.6
      540    	80.4	79.6
      600    	80.4	79.6
      660    	77.1	79.6
      720    	80.4	79.6
      780    	83.7	76.4
      840    	83.7	76.4
      900    	83.7	76.4
      960    	83.7	76.4
     1020    	80.4	76.4
     1080    	80.4	79.6
     1140    	80.4	76.4
     1200    	80.4	76.4
     1260    	80.4	79.6
     1320    	80.4	79.6
     1380    	80.4	79.6
     1440    	80.4	79.6
     1500    	80.4	76.4
     1560    	83.7	76.4
     1620    	83.7	79.6
     1680    	80.4	79.6
     1740    	80.4	76.4
     1800    	83.7	79.6
     1860    	83.7	79.6
     1920    	80.4	79.6
     1980    	80.4	76.4
     2040    	80.4	79.6
     2100    	83.7	76.4
     2160    	83.7	79.6
     2220    	80.4	79.6
     2280    	83.7	79.6
     2340    	80.4	79.6
     2400    	83.7	76.4
     2460    	83.7	79.6
     2520    	83.7	76.4
     2580    	80.4	76.4
     2640    	83.7	79.6
     2700    	80.4	76.4
     2760    	80.4	79.6
     2820    	83.7	79.6
     2880    	80.4	79.6
     2940    	80.4	76.4
     3000    	83.7	79.6
     3060    	83.7	79.6
     3120    	83.7	82.9
     3180    	80.4	76.4
     3240    	80.4	79.6
     3300    	80.4	76.4
     3360    	83.7	82.9
     3420    	80.4	79.6
     3480    	80.4	79.6
     3540    	83.7	79.6
     3600    	83.7	79.6
     3660    	80.4	76.4
     3720    	80.4	79.6
     3780    	80.4	76.4
     3840    	80.4	76.4
     3900    	83.7	79.6
     3960    	83.7	76.4
     4020    	83.7	79.6
     4080    	80.4	79.6
     4140    	83.7	79.6
     4200    	80.4	76.4
     4260    	80.4	76.4
     4320    	80.4	76.4
     4380    	80.4	76.4
     4440    	83.7	76.4
     4500    	80.4	79.6
     4560    	83.7	76.4
     4620    	83.7	79.6
     4680    	80.4	79.6
     4740    	83.7	79.6
     4800    	80.4	76.4
     4860    	80.4	79.6
     4920    	80.4	76.4
     4980    	80.4	79.6
     5040    	83.7	79.6
     5100    	80.4	79.6
     5160    	80.4	79.6
     5220    	80.4	79.6
     5280    	83.7	76.4
     5340    	80.4	79.6
     5400    	80.4	79.6
     5460    	83.7	79.6
     5520    	80.4	79.6
     5580    	83.7	76.4
     5640    	83.7	79.6
     5700    	80.4	76.4
     5760    	83.7	79.6
     5820    	83.7	79.6
     5880    	80.4	76.4
     5940    	83.7	79.6
     6000    	80.4	76.4
     6060    	83.7	76.4
     6120    	80.4	76.4
     6180    	80.4	76.4
     6240    	83.7	76.4
     6300    	80.4	79.6
     6360    	80.4	79.6
     6420    	80.4	76.4
     6480    	80.4	79.6
     6540    	87.0	76.4
     6600    	80.4	79.6
     6660    	80.4	76.4
     6720    	83.7	79.6
     6780    	83.7	79.6
     6840    	83.7	79.6
     6900    	80.4	79.6
     6960    	80.4	76.4
     7020    	80.4	76.4
     7080    	80.4	76.4
     7140    	83.7	76.4
     7200    	83.7	79.6
     7260    	83.7	79.6
     7320    	83.7	79.6
     7380    	80.4	79.6
     7440    	83.7	79.6
     7500    	80.4	79.6
     7560    	83.7	79.6
     7620    	83.7	76.4
     7680    	83.7	79.6
     7740    	83.7	79.6
     7800    	83.7	79.6
     7860    	80.4	79.6
     7920    	83.7	79.6
     7980    	83.7	79.6
     8040    	80.4	79.6
     8100    	80.4	79.6
     8160    	83.7	76.4
     8220    	83.7	79.6
     8280    	80.4	79.6
     8340    	80.4	79.6
     8400    	80.4	79.6
     8460    	83.7	76.4
     8520    	80.4	76.4
     8580    	80.4	79.6
     8640    	80.4	76.4
     8700    	83.7	76.4
     8760    	80.4	76.4
     8820    	83.7	79.6
     8880    	83.7	76.4
     8940    	83.7	76.4
     9000    	80.4	79.6
     9060    	80.4	76.4
     9120    	80.4	79.6
     9180    	83.7	76.4
     9240    	80.4	79.6
     9300    	83.7	79.6
     9360    	80.4	76.4
     9420    	83.7	76.4
     9480    	80.4	79.6
     9540    	83.7	79.6
     9600    	83.7	79.6
     9660    	83.7	76.4
     9720    	83.7	76.4
     9780    	80.4	79.6
     9840    	83.7	76.4
     9900    	80.4	76.4
     9960    	83.7	79.6
    10020    	83.7	76.4
    10080    	80.4	79.6
    10140    	83.7	79.6
    10200    	83.7	76.4
    10260    	80.4	76.4
    10320    	83.7	76.4
    10380    	83.7	76.4
    10440    	83.7	79.6
    10500    	83.7	79.6
    10560    	83.7	76.4
    10620    	80.4	76.4
    10680    	80.4	76.4
    10740    	83.7	76.4
    10800    	80.4	79.6
    10860    	83.7	79.6
    10920    	80.4	79.6
    10980    	83.7	76.4
    11040    	80.4	79.6
    11100    	80.4	79.6
    11160    	80.4	79.6
    11220    	80.4	76.4
    11280    	80.4	79.6
    11340    	80.4	76.4
    11400    	80.4	76.4
    11460    	80.4	76.4
    11520    	80.4	76.4
    11580    	80.4	79.6
    11640    	80.4	79.6
    11700    	83.7	79.6
    11760    	80.4	79.6
    11820    	80.4	76.4
    11880    	80.4	76.4
    11940    	80.4	79.6
    12000    	80.4	76.4
    12060    	80.4	76.4
    12120    	80.4	79.6
    12180    	80.4	79.6
    12240    	83.7	76.4
    12301    	80.4	76.4
    12361    	83.7	79.6
    12421    	80.4	79.6
    12481    	83.7	79.6
    12541    	80.4	76.4
    12601    	80.4	79.6
    12661    	80.4	76.4
    12721    	80.4	79.6
    12781    	80.4	79.6
    12841    	80.4	76.4
    12901    	77.1	76.4
    12961    	80.4	76.4
    13021    	80.4	76.4
    13081    	80.4	76.4
    13141    	83.7	76.4
    13201    	80.4	79.6
    13261    	80.4	76.4
    13321    	83.7	79.6
    13381    	80.4	79.6
    13441    	83.7	76.4
    13501    	83.7	76.4
    13561    	80.4	79.6
    13621    	80.4	79.6
    13681    	80.4	76.4
    13741    	83.7	76.4
    13801    	80.4	79.6
    13861    	80.4	79.6
    13921    	80.4	79.6
    13981    	80.4	79.6
    14041    	80.4	76.4
    14101    	83.7	79.6
